Using pre-set license
Built from '2020.3/staging' branch; Version is '2020.3.8f1 (507919d4fff5) revision 5273881'; Using compiler version '192528614'; Build Type 'Release'
OS: 'Windows 10 Home; OS build 19042.1586; Version 2009; 64bit' Language: 'en' Physical Memory: 8034 MB
BatchMode: 1, IsHumanControllingUs: 0, StartBugReporterOnCrash: 0, Is64bit: 1, IsPro: 0

 COMMAND LINE ARGUMENTS:
C:\Program Files\Unity\Hub\Editor\2020.3.8f1\Editor\Unity.exe
-adb2
-batchMode
-noUpm
-name
AssetImportWorker0
-projectPath
D:/Sheffield Hallam University/Year 2/Game Deb/GameDevProject/Tower Offence
-logFile
Logs/AssetImportWorker0.log
-srvPort
55133
Successfully changed project path to: D:/Sheffield Hallam University/Year 2/Game Deb/GameDevProject/Tower Offence
D:/Sheffield Hallam University/Year 2/Game Deb/GameDevProject/Tower Offence
Using Asset Import Pipeline V2.
Refreshing native plugins compatible for Editor in 57.33 ms, found 1 plugins.
Preloading 0 native plugins for Editor in 0.00 ms.
Initialize engine version: 2020.3.8f1 (507919d4fff5)
[Subsystems] Discovering subsystems at path C:/Program Files/Unity/Hub/Editor/2020.3.8f1/Editor/Data/Resources/UnitySubsystems
[Subsystems] Discovering subsystems at path D:/Sheffield Hallam University/Year 2/Game Deb/GameDevProject/Tower Offence/Assets
GfxDevice: creating device client; threaded=0
Direct3D:
    Version:  Direct3D 11.0 [level 11.1]
    Renderer: Intel(R) UHD Graphics 630 (ID=0x3e9b)
    Vendor:   
    VRAM:     4017 MB
    Driver:   27.20.100.8681
Initialize mono
Mono path[0] = 'C:/Program Files/Unity/Hub/Editor/2020.3.8f1/Editor/Data/Managed'
Mono path[1] = 'C:/Program Files/Unity/Hub/Editor/2020.3.8f1/Editor/Data/MonoBleedingEdge/lib/mono/unityjit'
Mono config path = 'C:/Program Files/Unity/Hub/Editor/2020.3.8f1/Editor/Data/MonoBleedingEdge/etc'
Using monoOptions --debugger-agent=transport=dt_socket,embedding=1,server=y,suspend=n,address=127.0.0.1:56424
Begin MonoManager ReloadAssembly
Registering precompiled unity dll's ...
Register platform support module: C:/Program Files/Unity/Hub/Editor/2020.3.8f1/Editor/Data/PlaybackEngines/WindowsStandaloneSupport/UnityEditor.WindowsStandalone.Extensions.dll
Registered in 0.003445 seconds.
Native extension for WindowsStandalone target not found
Refreshing native plugins compatible for Editor in 57.50 ms, found 1 plugins.
Preloading 0 native plugins for Editor in 0.00 ms.
Mono: successfully reloaded assembly
- Completed reload, in  1.661 seconds
Platform modules already initialized, skipping
Registering precompiled user dll's ...
Registered in 0.001177 seconds.
Begin MonoManager ReloadAssembly
Native extension for WindowsStandalone target not found
Refreshing native plugins compatible for Editor in 64.72 ms, found 1 plugins.
Preloading 0 native plugins for Editor in 0.00 ms.
Mono: successfully reloaded assembly
- Completed reload, in  1.509 seconds
Platform modules already initialized, skipping
========================================================================
Worker process is ready to serve import requests
Launched and connected shader compiler UnityShaderCompiler.exe after 0.08 seconds
Refreshing native plugins compatible for Editor in 0.47 ms, found 1 plugins.
Preloading 0 native plugins for Editor in 0.00 ms.
Unloading 1831 Unused Serialized files (Serialized files now loaded: 0)
System memory in use before: 86.1 MB.
System memory in use after: 86.1 MB.

Unloading 19 unused Assets to reduce memory usage. Loaded Objects now: 2281.
Total: 2.927000 ms (FindLiveObjects: 0.207200 ms CreateObjectMapping: 0.081700 ms MarkObjects: 2.547900 ms  DeleteObjects: 0.088300 ms)

========================================================================
Received Import Request.
  path: Assets/Music/MusicMixer.mixer
  artifactKey: Guid(9f1017fad8fb41744abf3683b54be3e2) Importer(815301076,1909f56bfc062723c751e8b465ee728b)
Start importing Assets/Music/MusicMixer.mixer using Guid(9f1017fad8fb41744abf3683b54be3e2) Importer(815301076,1909f56bfc062723c751e8b465ee728b)  -> (artifact id: '262b68facd95190f391524dc5661be4e') in 0.058361 seconds
  Import took 0.180984 seconds .

========================================================================
Received Import Request.
  Time since last request: 0.004117 seconds.
  path: Assets/Music/Vicious Volcano Background.wav
  artifactKey: Guid(9bf5c3cb1f5d5584a9408aae4c5d6ddf) Importer(815301076,1909f56bfc062723c751e8b465ee728b)
Start importing Assets/Music/Vicious Volcano Background.wav using Guid(9bf5c3cb1f5d5584a9408aae4c5d6ddf) Importer(815301076,1909f56bfc062723c751e8b465ee728b)  -> (artifact id: '993b29cfe0c7caaaffbab85766f9fbf1') in 0.293215 seconds
  Import took 0.297556 seconds .

========================================================================
Received Import Request.
  Time since last request: 0.000364 seconds.
  path: Assets/Music/Friendly Flowers Background.wav
  artifactKey: Guid(3fd2181464146f5459f6679f37ebd3b5) Importer(815301076,1909f56bfc062723c751e8b465ee728b)
Start importing Assets/Music/Friendly Flowers Background.wav using Guid(3fd2181464146f5459f6679f37ebd3b5) Importer(815301076,1909f56bfc062723c751e8b465ee728b)  -> (artifact id: 'd128fd6f785c49ea0c613596ce9e0ea3') in 0.130330 seconds
  Import took 0.145122 seconds .

========================================================================
Received Import Request.
  Time since last request: 0.000372 seconds.
  path: Assets/Music/Main Menu BG.wav
  artifactKey: Guid(41a24f052676ce243a821c37c5c353d9) Importer(815301076,1909f56bfc062723c751e8b465ee728b)
Start importing Assets/Music/Main Menu BG.wav using Guid(41a24f052676ce243a821c37c5c353d9) Importer(815301076,1909f56bfc062723c751e8b465ee728b)  -> (artifact id: '6992d2f385bcada6155edf8d092b6790') in 0.019578 seconds
  Import took 0.029970 seconds .

========================================================================
Received Import Request.
  Time since last request: 0.000352 seconds.
  path: Assets/Music/Blonde Redhead - For the Damaged Coda.wav
  artifactKey: Guid(60b2b865ce6167c4ca5cdfae8e2340a4) Importer(815301076,1909f56bfc062723c751e8b465ee728b)
Start importing Assets/Music/Blonde Redhead - For the Damaged Coda.wav using Guid(60b2b865ce6167c4ca5cdfae8e2340a4) Importer(815301076,1909f56bfc062723c751e8b465ee728b)  -> (artifact id: 'da8ef2207086443ad1c8c5731132bcb8') in 0.022626 seconds
  Import took 0.029691 seconds .

========================================================================
Received Import Request.
  Time since last request: 0.000500 seconds.
  path: Assets/Music
  artifactKey: Guid(47ed6644704384940891bdca854b6fc6) Importer(815301076,1909f56bfc062723c751e8b465ee728b)
Start importing Assets/Music using Guid(47ed6644704384940891bdca854b6fc6) Importer(815301076,1909f56bfc062723c751e8b465ee728b)  -> (artifact id: '2be44a5ff123f686b2275280c45fdad5') in 0.007301 seconds
  Import took 0.025046 seconds .

========================================================================
Received Import Request.
  Time since last request: 0.000368 seconds.
  path: Assets/Music/Victory Music.wav
  artifactKey: Guid(a6c2e19a62c0cac4bbdbb99b7ebf8b2c) Importer(815301076,1909f56bfc062723c751e8b465ee728b)
Start importing Assets/Music/Victory Music.wav using Guid(a6c2e19a62c0cac4bbdbb99b7ebf8b2c) Importer(815301076,1909f56bfc062723c751e8b465ee728b)  -> (artifact id: 'f9554d83748bf8c0c3fbcbe71da2685d') in 0.023021 seconds
  Import took 0.027423 seconds .

========================================================================
Received Prepare
Refreshing native plugins compatible for Editor in 1.99 ms, found 1 plugins.
Preloading 0 native plugins for Editor in 0.00 ms.
Unloading 5 Unused Serialized files (Serialized files now loaded: 0)
System memory in use before: 52.1 MB.
System memory in use after: 52.2 MB.

Unloading 5 unused Assets to reduce memory usage. Loaded Objects now: 2290.
Total: 3.210100 ms (FindLiveObjects: 0.208100 ms CreateObjectMapping: 0.087000 ms MarkObjects: 2.896600 ms  DeleteObjects: 0.017200 ms)

========================================================================
Received Prepare
Registering precompiled user dll's ...
Registered in 0.002348 seconds.
Begin MonoManager ReloadAssembly
Native extension for WindowsStandalone target not found
Refreshing native plugins compatible for Editor in 0.47 ms, found 1 plugins.
Preloading 0 native plugins for Editor in 0.00 ms.
Mono: successfully reloaded assembly
- Completed reload, in  1.298 seconds
Platform modules already initialized, skipping
Refreshing native plugins compatible for Editor in 0.46 ms, found 1 plugins.
Preloading 0 native plugins for Editor in 0.00 ms.
Unloading 1821 Unused Serialized files (Serialized files now loaded: 0)
System memory in use before: 88.6 MB.
System memory in use after: 88.8 MB.

Unloading 7 unused Assets to reduce memory usage. Loaded Objects now: 2294.
Total: 2.824700 ms (FindLiveObjects: 0.239600 ms CreateObjectMapping: 0.093400 ms MarkObjects: 2.468800 ms  DeleteObjects: 0.020900 ms)

========================================================================
Received Prepare
Registering precompiled user dll's ...
Registered in 0.001227 seconds.
Begin MonoManager ReloadAssembly
Native extension for WindowsStandalone target not found
Refreshing native plugins compatible for Editor in 0.47 ms, found 1 plugins.
Preloading 0 native plugins for Editor in 0.00 ms.
Mono: successfully reloaded assembly
- Completed reload, in  1.318 seconds
Platform modules already initialized, skipping
Refreshing native plugins compatible for Editor in 0.49 ms, found 1 plugins.
Preloading 0 native plugins for Editor in 0.00 ms.
Unloading 1821 Unused Serialized files (Serialized files now loaded: 0)
System memory in use before: 88.7 MB.
System memory in use after: 88.8 MB.

Unloading 7 unused Assets to reduce memory usage. Loaded Objects now: 2298.
Total: 2.819500 ms (FindLiveObjects: 0.227800 ms CreateObjectMapping: 0.096000 ms MarkObjects: 2.473700 ms  DeleteObjects: 0.020900 ms)

========================================================================
Received Import Request.
  Time since last request: 150.574791 seconds.
  path: Assets/Sound Effects/BasicDeath.wav
  artifactKey: Guid(ca17229d3e19cd64e9c93c7dd732634f) Importer(815301076,1909f56bfc062723c751e8b465ee728b)
Start importing Assets/Sound Effects/BasicDeath.wav using Guid(ca17229d3e19cd64e9c93c7dd732634f) Importer(815301076,1909f56bfc062723c751e8b465ee728b)  -> (artifact id: '60970f9d549cbee0b1c54c53dd88433c') in 0.189651 seconds
  Import took 0.202563 seconds .

========================================================================
Received Import Request.
  Time since last request: 0.000374 seconds.
  path: Assets/Sound Effects/ShronkDeath.wav
  artifactKey: Guid(3ada15c5a2f59c04b8e46bdfcb18c9df) Importer(815301076,1909f56bfc062723c751e8b465ee728b)
Start importing Assets/Sound Effects/ShronkDeath.wav using Guid(3ada15c5a2f59c04b8e46bdfcb18c9df) Importer(815301076,1909f56bfc062723c751e8b465ee728b)  -> (artifact id: 'ab1a3ed7cbfbfa0d0dc9f3cf9b758ce9') in 0.051468 seconds
  Import took 0.061554 seconds .

========================================================================
Received Import Request.
  Time since last request: 0.000371 seconds.
  path: Assets/Sound Effects/SummonerDeath.wav
  artifactKey: Guid(12dbb550405a9694789063459cebb858) Importer(815301076,1909f56bfc062723c751e8b465ee728b)
Start importing Assets/Sound Effects/SummonerDeath.wav using Guid(12dbb550405a9694789063459cebb858) Importer(815301076,1909f56bfc062723c751e8b465ee728b)  -> (artifact id: 'dadbd7dda7d72273da919a6b640076ed') in 0.037853 seconds
  Import took 0.047575 seconds .

========================================================================
Received Import Request.
  Time since last request: 0.000381 seconds.
  path: Assets/Sound Effects/Grunt Birthday Party Sound.wav
  artifactKey: Guid(d6af791306d7b734189f60db47516694) Importer(815301076,1909f56bfc062723c751e8b465ee728b)
Start importing Assets/Sound Effects/Grunt Birthday Party Sound.wav using Guid(d6af791306d7b734189f60db47516694) Importer(815301076,1909f56bfc062723c751e8b465ee728b)  -> (artifact id: 'c9cc9b80ae4f597f45facb654a3510b6') in 0.078816 seconds
  Import took 0.082816 seconds .

========================================================================
Received Import Request.
  Time since last request: 0.000365 seconds.
  path: Assets/Sound Effects/DemonDeath.wav
  artifactKey: Guid(432ce4eb4bf3d534c82ddd6084e493e5) Importer(815301076,1909f56bfc062723c751e8b465ee728b)
Start importing Assets/Sound Effects/DemonDeath.wav using Guid(432ce4eb4bf3d534c82ddd6084e493e5) Importer(815301076,1909f56bfc062723c751e8b465ee728b)  -> (artifact id: 'f560defdb8a6ed4b22a1d5813a890bec') in 0.035046 seconds
  Import took 0.048288 seconds .

========================================================================
Received Import Request.
  Time since last request: 0.000400 seconds.
  path: Assets/Sound Effects/Squish - Sound Effect.wav
  artifactKey: Guid(cd06f7072c4b98a4790c29c050cc80c5) Importer(815301076,1909f56bfc062723c751e8b465ee728b)
Start importing Assets/Sound Effects/Squish - Sound Effect.wav using Guid(cd06f7072c4b98a4790c29c050cc80c5) Importer(815301076,1909f56bfc062723c751e8b465ee728b)  -> (artifact id: '18d6fc39807b9a58e84d23b8e25c94d4') in 0.041999 seconds
  Import took 0.045812 seconds .

========================================================================
Received Import Request.
  Time since last request: 0.000299 seconds.
  path: Assets/Sound Effects/CrispDeath.wav
  artifactKey: Guid(89539c5ada2104041af777bd3af07da0) Importer(815301076,1909f56bfc062723c751e8b465ee728b)
Start importing Assets/Sound Effects/CrispDeath.wav using Guid(89539c5ada2104041af777bd3af07da0) Importer(815301076,1909f56bfc062723c751e8b465ee728b)  -> (artifact id: 'a94cde47f041334f77a596ce39e4bcfd') in 0.027307 seconds
  Import took 0.031577 seconds .

========================================================================
Received Import Request.
  Time since last request: 0.000392 seconds.
  path: Assets/Sound Effects/TimeDeath.wav
  artifactKey: Guid(59282f62650d0524caa72eab658eabb0) Importer(815301076,1909f56bfc062723c751e8b465ee728b)
Start importing Assets/Sound Effects/TimeDeath.wav using Guid(59282f62650d0524caa72eab658eabb0) Importer(815301076,1909f56bfc062723c751e8b465ee728b)  -> (artifact id: '4e9d4be71a5248858f5216baee81b113') in 0.027465 seconds
  Import took 0.047553 seconds .

========================================================================
Received Import Request.
  Time since last request: 0.000377 seconds.
  path: Assets/Sound Effects/WOMAN SCREAMING SOUND EFFECT.mp3
  artifactKey: Guid(fbf2090b177caf5419f5b6d747ca3726) Importer(815301076,1909f56bfc062723c751e8b465ee728b)
Start importing Assets/Sound Effects/WOMAN SCREAMING SOUND EFFECT.mp3 using Guid(fbf2090b177caf5419f5b6d747ca3726) Importer(815301076,1909f56bfc062723c751e8b465ee728b)  -> (artifact id: '1849926be3f891d234f4bc209cd2d2e7') in 0.092773 seconds
  Import took 0.096816 seconds .

========================================================================
Received Import Request.
  Time since last request: 0.000348 seconds.
  path: Assets/Sound Effects/BongoDeath.wav
  artifactKey: Guid(ac3f132985850e542910e4cfd084c6a0) Importer(815301076,1909f56bfc062723c751e8b465ee728b)
Start importing Assets/Sound Effects/BongoDeath.wav using Guid(ac3f132985850e542910e4cfd084c6a0) Importer(815301076,1909f56bfc062723c751e8b465ee728b)  -> (artifact id: '5c39004652accd4737c0b0202ef39815') in 0.044387 seconds
  Import took 0.048949 seconds .

========================================================================
Received Import Request.
  Time since last request: 0.000350 seconds.
  path: Assets/Sound Effects/SoundEffectMixer.mixer
  artifactKey: Guid(1fa756775a78d5b448a7a623aef48dfb) Importer(815301076,1909f56bfc062723c751e8b465ee728b)
Start importing Assets/Sound Effects/SoundEffectMixer.mixer using Guid(1fa756775a78d5b448a7a623aef48dfb) Importer(815301076,1909f56bfc062723c751e8b465ee728b)  -> (artifact id: 'e6a2d120562d16c444516c19b5cb21b3') in 0.020591 seconds
  Import took 0.027865 seconds .

========================================================================
Received Import Request.
  Time since last request: 0.012258 seconds.
  path: Assets/Sound Effects/SoundEffectMixer.mixer
  artifactKey: Guid(1fa756775a78d5b448a7a623aef48dfb) Importer(815301076,1909f56bfc062723c751e8b465ee728b)
Start importing Assets/Sound Effects/SoundEffectMixer.mixer using Guid(1fa756775a78d5b448a7a623aef48dfb) Importer(815301076,1909f56bfc062723c751e8b465ee728b)  -> (artifact id: 'e6a2d120562d16c444516c19b5cb21b3') in 0.004347 seconds
  Import took 0.008568 seconds .

========================================================================
Received Import Request.
  Time since last request: 0.074743 seconds.
  path: Assets/Tile/grass-tiles-2-small_0.asset
  artifactKey: Guid(7a10b8ad630c6e44f8d82447cd2433d4) Importer(815301076,1909f56bfc062723c751e8b465ee728b)
Start importing Assets/Tile/grass-tiles-2-small_0.asset using Guid(7a10b8ad630c6e44f8d82447cd2433d4) Importer(815301076,1909f56bfc062723c751e8b465ee728b)  -> (artifact id: 'e99439a567e514fc7ed0d7261c89834b') in 0.037164 seconds
  Import took 0.043878 seconds .

========================================================================
Received Import Request.
  Time since last request: 0.000374 seconds.
  path: Assets/Tile/grass-tiles-2-small_1.asset
  artifactKey: Guid(7005d314ae8648244b7529adf5e22727) Importer(815301076,1909f56bfc062723c751e8b465ee728b)
Start importing Assets/Tile/grass-tiles-2-small_1.asset using Guid(7005d314ae8648244b7529adf5e22727) Importer(815301076,1909f56bfc062723c751e8b465ee728b)  -> (artifact id: 'ba5b5d8039a8d016329462b04a9987ae') in 0.012239 seconds
  Import took 0.020005 seconds .

========================================================================
Received Import Request.
  Time since last request: 0.000368 seconds.
  path: Assets/Tile/grass-tiles-2-small_5.asset
  artifactKey: Guid(90080263d0c401e41a220406306723b3) Importer(815301076,1909f56bfc062723c751e8b465ee728b)
Start importing Assets/Tile/grass-tiles-2-small_5.asset using Guid(90080263d0c401e41a220406306723b3) Importer(815301076,1909f56bfc062723c751e8b465ee728b)  -> (artifact id: 'bd302285ceaacaf654655d0a8b91bee0') in 0.013272 seconds
  Import took 0.017664 seconds .

========================================================================
Received Import Request.
  Time since last request: 0.000329 seconds.
  path: Assets/Tile/grass-tiles-2-small_7.asset
  artifactKey: Guid(b19086080d5c6454784d1892a600baca) Importer(815301076,1909f56bfc062723c751e8b465ee728b)
Start importing Assets/Tile/grass-tiles-2-small_7.asset using Guid(b19086080d5c6454784d1892a600baca) Importer(815301076,1909f56bfc062723c751e8b465ee728b)  -> (artifact id: '033e60409f5c72ebb1f3937867d61dbf') in 0.012862 seconds
  Import took 0.020606 seconds .

========================================================================
Received Import Request.
  Time since last request: 0.000974 seconds.
  path: Assets/Tile/grass-tiles-2-small_6.asset
  artifactKey: Guid(6e5d1a5c6890a2f43b6b1aaf699ac5b5) Importer(815301076,1909f56bfc062723c751e8b465ee728b)
Start importing Assets/Tile/grass-tiles-2-small_6.asset using Guid(6e5d1a5c6890a2f43b6b1aaf699ac5b5) Importer(815301076,1909f56bfc062723c751e8b465ee728b)  -> (artifact id: '621c49cb9262d70e603ecac9cc4bafd9') in 0.025748 seconds
  Import took 0.031717 seconds .

========================================================================
Received Import Request.
  Time since last request: 0.000385 seconds.
  path: Assets/Tile/grass-tiles-2-small_8.asset
  artifactKey: Guid(339ac5fbef83ab044a97622fec637c3d) Importer(815301076,1909f56bfc062723c751e8b465ee728b)
Start importing Assets/Tile/grass-tiles-2-small_8.asset using Guid(339ac5fbef83ab044a97622fec637c3d) Importer(815301076,1909f56bfc062723c751e8b465ee728b)  -> (artifact id: '1edc52b925ef180dcacc90518d2e11eb') in 0.019092 seconds
  Import took 0.040739 seconds .

========================================================================
Received Import Request.
  Time since last request: 0.000424 seconds.
  path: Assets/Tile/grass-tiles-2-small_2.asset
  artifactKey: Guid(ac24b87780b98ff49a378f940d4b7820) Importer(815301076,1909f56bfc062723c751e8b465ee728b)
Start importing Assets/Tile/grass-tiles-2-small_2.asset using Guid(ac24b87780b98ff49a378f940d4b7820) Importer(815301076,1909f56bfc062723c751e8b465ee728b)  -> (artifact id: 'db866c78fbac2bdf302010cbe753bcdd') in 0.025686 seconds
  Import took 0.032718 seconds .

========================================================================
Received Import Request.
  Time since last request: 0.000793 seconds.
  path: Assets/Tile/grass-tiles-2-small_9.asset
  artifactKey: Guid(8645a8c8d042d2149a19cae8bf648265) Importer(815301076,1909f56bfc062723c751e8b465ee728b)
Start importing Assets/Tile/grass-tiles-2-small_9.asset using Guid(8645a8c8d042d2149a19cae8bf648265) Importer(815301076,1909f56bfc062723c751e8b465ee728b)  -> (artifact id: 'a545768d84be00a637566d80f0df270f') in 0.014585 seconds
  Import took 0.034791 seconds .

========================================================================
Received Import Request.
  Time since last request: 0.000417 seconds.
  path: Assets/Tile/grass-tiles-2-small_2.asset
  artifactKey: Guid(ac24b87780b98ff49a378f940d4b7820) Importer(815301076,1909f56bfc062723c751e8b465ee728b)
Start importing Assets/Tile/grass-tiles-2-small_2.asset using Guid(ac24b87780b98ff49a378f940d4b7820) Importer(815301076,1909f56bfc062723c751e8b465ee728b)  -> (artifact id: 'db866c78fbac2bdf302010cbe753bcdd') in 0.008568 seconds
  Import took 0.013054 seconds .

========================================================================
Received Import Request.
  Time since last request: 0.000383 seconds.
  path: Assets/Tile/grass-tiles-2-small_10.asset
  artifactKey: Guid(3705dd41f34f57e42877249ed8cc962a) Importer(815301076,1909f56bfc062723c751e8b465ee728b)
Start importing Assets/Tile/grass-tiles-2-small_10.asset using Guid(3705dd41f34f57e42877249ed8cc962a) Importer(815301076,1909f56bfc062723c751e8b465ee728b)  -> (artifact id: 'e74ab841ba75e972448a05af78b98c1e') in 0.013632 seconds
  Import took 0.018653 seconds .

========================================================================
Received Import Request.
  Time since last request: 0.000367 seconds.
  path: Assets/Tile/grass-tiles-2-small_4.asset
  artifactKey: Guid(e334585c2d7736e4eb13389576c26d56) Importer(815301076,1909f56bfc062723c751e8b465ee728b)
Start importing Assets/Tile/grass-tiles-2-small_4.asset using Guid(e334585c2d7736e4eb13389576c26d56) Importer(815301076,1909f56bfc062723c751e8b465ee728b)  -> (artifact id: 'f4c93e0096a2478ab9664d24bbeb53a3') in 0.013808 seconds
  Import took 0.036794 seconds .

========================================================================
Received Import Request.
  Time since last request: 0.000381 seconds.
  path: Assets/Tile/grass-tiles-2-small_3.asset
  artifactKey: Guid(8e8c6bd360b94f64e99a63da7a9a89ef) Importer(815301076,1909f56bfc062723c751e8b465ee728b)
Start importing Assets/Tile/grass-tiles-2-small_3.asset using Guid(8e8c6bd360b94f64e99a63da7a9a89ef) Importer(815301076,1909f56bfc062723c751e8b465ee728b)  -> (artifact id: '0c3249b7ba88f444b71c8d8cb20cc3ff') in 0.019711 seconds
  Import took 0.024497 seconds .

========================================================================
Received Import Request.
  Time since last request: 3.199689 seconds.
  path: Assets/Palettes/Ground Tiles.prefab
  artifactKey: Guid(ac10dc00421b8d349ad7bd30e24c2cf6) Importer(815301076,1909f56bfc062723c751e8b465ee728b)
Start importing Assets/Palettes/Ground Tiles.prefab using Guid(ac10dc00421b8d349ad7bd30e24c2cf6) Importer(815301076,1909f56bfc062723c751e8b465ee728b)  -> (artifact id: 'c66eb7c536e1ea85432d31e09f134361') in 0.127248 seconds
  Import took 0.131358 seconds .

========================================================================
Received Import Request.
  Time since last request: 0.000464 seconds.
  path: Assets/Palettes/Object Palette.prefab
  artifactKey: Guid(1db35991b71bb23419a875c69e9b51e3) Importer(815301076,1909f56bfc062723c751e8b465ee728b)
Start importing Assets/Palettes/Object Palette.prefab using Guid(1db35991b71bb23419a875c69e9b51e3) Importer(815301076,1909f56bfc062723c751e8b465ee728b)  -> (artifact id: 'f70c4f6c25fa0714f6475afb4da79ff1') in 0.010590 seconds
  Import took 0.016112 seconds .

========================================================================
Received Import Request.
  Time since last request: 0.000339 seconds.
  path: Assets/Palettes/Ground Tiles.prefab
  artifactKey: Guid(ac10dc00421b8d349ad7bd30e24c2cf6) Importer(815301076,1909f56bfc062723c751e8b465ee728b)
Start importing Assets/Palettes/Ground Tiles.prefab using Guid(ac10dc00421b8d349ad7bd30e24c2cf6) Importer(815301076,1909f56bfc062723c751e8b465ee728b)  -> (artifact id: 'c66eb7c536e1ea85432d31e09f134361') in 0.006428 seconds
  Import took 0.011406 seconds .

========================================================================
Received Import Request.
  Time since last request: 6.511908 seconds.
  path: Assets/Scenes/Vicious Volcano.unity
  artifactKey: Guid(d53a7515164f79a4f953e367234b0c24) Importer(815301076,1909f56bfc062723c751e8b465ee728b)
Start importing Assets/Scenes/Vicious Volcano.unity using Guid(d53a7515164f79a4f953e367234b0c24) Importer(815301076,1909f56bfc062723c751e8b465ee728b)  -> (artifact id: '7c14721383eb6baf1aa5bff18a40396f') in 0.007730 seconds
  Import took 0.025218 seconds .

========================================================================
Received Prepare
Refreshing native plugins compatible for Editor in 1.90 ms, found 1 plugins.
Preloading 0 native plugins for Editor in 0.00 ms.
Unloading 5 Unused Serialized files (Serialized files now loaded: 0)
System memory in use before: 52.4 MB.
System memory in use after: 52.6 MB.

Unloading 5 unused Assets to reduce memory usage. Loaded Objects now: 2302.
Total: 3.411600 ms (FindLiveObjects: 0.222200 ms CreateObjectMapping: 0.086300 ms MarkObjects: 3.082100 ms  DeleteObjects: 0.019800 ms)

========================================================================
Received Prepare
Refreshing native plugins compatible for Editor in 1.83 ms, found 1 plugins.
Preloading 0 native plugins for Editor in 0.00 ms.
Unloading 5 Unused Serialized files (Serialized files now loaded: 0)
System memory in use before: 52.4 MB.
System memory in use after: 52.6 MB.

Unloading 5 unused Assets to reduce memory usage. Loaded Objects now: 2302.
Total: 3.961400 ms (FindLiveObjects: 0.258300 ms CreateObjectMapping: 0.091900 ms MarkObjects: 3.589800 ms  DeleteObjects: 0.019800 ms)

========================================================================
Received Prepare
Refreshing native plugins compatible for Editor in 1.90 ms, found 1 plugins.
Preloading 0 native plugins for Editor in 0.00 ms.
Unloading 5 Unused Serialized files (Serialized files now loaded: 0)
System memory in use before: 52.4 MB.
System memory in use after: 52.6 MB.

Unloading 5 unused Assets to reduce memory usage. Loaded Objects now: 2302.
Total: 3.780700 ms (FindLiveObjects: 0.219400 ms CreateObjectMapping: 0.088500 ms MarkObjects: 3.454400 ms  DeleteObjects: 0.017400 ms)

========================================================================
Received Import Request.
  Time since last request: 639.295862 seconds.
  path: Assets/Scripts/MenuManager.cs
  artifactKey: Guid(0c496a0e108470349802a96430e72c79) Importer(815301076,1909f56bfc062723c751e8b465ee728b)
Start importing Assets/Scripts/MenuManager.cs using Guid(0c496a0e108470349802a96430e72c79) Importer(815301076,1909f56bfc062723c751e8b465ee728b)  -> (artifact id: '5e96c514ba5b79ef275908eb535880d4') in 0.035619 seconds
  Import took 0.042386 seconds .

========================================================================
Received Import Request.
  Time since last request: 0.015729 seconds.
  path: Assets/Scripts/MenuManager.cs
  artifactKey: Guid(0c496a0e108470349802a96430e72c79) Importer(815301076,1909f56bfc062723c751e8b465ee728b)
Start importing Assets/Scripts/MenuManager.cs using Guid(0c496a0e108470349802a96430e72c79) Importer(815301076,1909f56bfc062723c751e8b465ee728b)  -> (artifact id: '5e96c514ba5b79ef275908eb535880d4') in 0.006502 seconds
  Import took 0.017214 seconds .

========================================================================
Received Prepare
Refreshing native plugins compatible for Editor in 1.98 ms, found 1 plugins.
Preloading 0 native plugins for Editor in 0.00 ms.
Unloading 5 Unused Serialized files (Serialized files now loaded: 0)
System memory in use before: 52.4 MB.
System memory in use after: 52.6 MB.

Unloading 5 unused Assets to reduce memory usage. Loaded Objects now: 2302.
Total: 4.292800 ms (FindLiveObjects: 0.277800 ms CreateObjectMapping: 0.094600 ms MarkObjects: 3.898500 ms  DeleteObjects: 0.020300 ms)

========================================================================
Received Prepare
Refreshing native plugins compatible for Editor in 1.89 ms, found 1 plugins.
Preloading 0 native plugins for Editor in 0.00 ms.
Unloading 5 Unused Serialized files (Serialized files now loaded: 0)
System memory in use before: 52.4 MB.
System memory in use after: 52.6 MB.

Unloading 5 unused Assets to reduce memory usage. Loaded Objects now: 2302.
Total: 3.365300 ms (FindLiveObjects: 0.232200 ms CreateObjectMapping: 0.097900 ms MarkObjects: 3.016800 ms  DeleteObjects: 0.017500 ms)

========================================================================
Received Import Request.
  Time since last request: 702.820424 seconds.
  path: Assets/Tilesets/Desert_1.png
  artifactKey: Guid(4da93ba4928a343449b820f4bf1ddd7f) Importer(815301076,1909f56bfc062723c751e8b465ee728b)
Start importing Assets/Tilesets/Desert_1.png using Guid(4da93ba4928a343449b820f4bf1ddd7f) Importer(815301076,1909f56bfc062723c751e8b465ee728b)  -> (artifact id: 'e69de8542f78040b86b79ad65f73f4fa') in 0.164744 seconds
  Import took 0.169532 seconds .

========================================================================
Received Import Request.
  Time since last request: 0.000383 seconds.
  path: Assets/Tilesets/grass-tiles-2-small.png
  artifactKey: Guid(265375537bf37664a85ece34bbc2c80a) Importer(815301076,1909f56bfc062723c751e8b465ee728b)
Start importing Assets/Tilesets/grass-tiles-2-small.png using Guid(265375537bf37664a85ece34bbc2c80a) Importer(815301076,1909f56bfc062723c751e8b465ee728b)  -> (artifact id: '69800fd415fcd6204f7dec9ecb2d13f2') in 0.066390 seconds
  Import took 0.070441 seconds .

========================================================================
Received Import Request.
  Time since last request: 0.000389 seconds.
  path: Assets/Tilesets/tree2-final.png
  artifactKey: Guid(30870e17c9305d14bb66846e55654f39) Importer(815301076,1909f56bfc062723c751e8b465ee728b)
Start importing Assets/Tilesets/tree2-final.png using Guid(30870e17c9305d14bb66846e55654f39) Importer(815301076,1909f56bfc062723c751e8b465ee728b)  -> (artifact id: '608ce9bf506937387fab1d9ef21e3a3c') in 0.028494 seconds
  Import took 0.035220 seconds .

========================================================================
Received Import Request.
  Time since last request: 0.000347 seconds.
  path: Assets/Tilesets/Lava_2.png
  artifactKey: Guid(1df97ad1a6336e9488cea35bf0624546) Importer(815301076,1909f56bfc062723c751e8b465ee728b)
Start importing Assets/Tilesets/Lava_2.png using Guid(1df97ad1a6336e9488cea35bf0624546) Importer(815301076,1909f56bfc062723c751e8b465ee728b)  -> (artifact id: 'c02ccd4eafe242423632b3e6a4865f1e') in 0.047187 seconds
  Import took 0.052595 seconds .

========================================================================
Received Import Request.
  Time since last request: 0.000366 seconds.
  path: Assets/Tilesets/Numbers.png
  artifactKey: Guid(d1b7c15efbcbcd348872075217f8dc0b) Importer(815301076,1909f56bfc062723c751e8b465ee728b)
Start importing Assets/Tilesets/Numbers.png using Guid(d1b7c15efbcbcd348872075217f8dc0b) Importer(815301076,1909f56bfc062723c751e8b465ee728b)  -> (artifact id: '95040598f12c56c91f5f80d3cff4f7a7') in 0.048647 seconds
  Import took 0.053853 seconds .

========================================================================
Received Import Request.
  Time since last request: 0.005200 seconds.
  path: Assets/Tilesets/Numbers.png
  artifactKey: Guid(d1b7c15efbcbcd348872075217f8dc0b) Importer(815301076,1909f56bfc062723c751e8b465ee728b)
Start importing Assets/Tilesets/Numbers.png using Guid(d1b7c15efbcbcd348872075217f8dc0b) Importer(815301076,1909f56bfc062723c751e8b465ee728b)  -> (artifact id: '95040598f12c56c91f5f80d3cff4f7a7') in 0.043288 seconds
  Import took 0.047883 seconds .

========================================================================
Received Import Request.
  Time since last request: 2.481929 seconds.
  path: Assets/Scenes/Main Menu.unity
  artifactKey: Guid(cc3ffed1b8b701f42beff562a3e848a1) Importer(815301076,1909f56bfc062723c751e8b465ee728b)
Start importing Assets/Scenes/Main Menu.unity using Guid(cc3ffed1b8b701f42beff562a3e848a1) Importer(815301076,1909f56bfc062723c751e8b465ee728b)  -> (artifact id: '3d9c142dd6106153b0fa9fb3f8e4b0d9') in 0.012263 seconds
  Import took 0.119398 seconds .

========================================================================
Received Prepare
Registering precompiled user dll's ...
Registered in 0.003048 seconds.
Begin MonoManager ReloadAssembly
Native extension for WindowsStandalone target not found
Refreshing native plugins compatible for Editor in 0.47 ms, found 1 plugins.
Preloading 0 native plugins for Editor in 0.00 ms.
Mono: successfully reloaded assembly
- Completed reload, in  1.341 seconds
Platform modules already initialized, skipping
Refreshing native plugins compatible for Editor in 1.14 ms, found 1 plugins.
Preloading 0 native plugins for Editor in 0.00 ms.
Unloading 1821 Unused Serialized files (Serialized files now loaded: 0)
System memory in use before: 88.8 MB.
System memory in use after: 88.9 MB.

Unloading 7 unused Assets to reduce memory usage. Loaded Objects now: 2315.
Total: 7.234100 ms (FindLiveObjects: 0.302000 ms CreateObjectMapping: 0.116200 ms MarkObjects: 6.775900 ms  DeleteObjects: 0.037200 ms)

========================================================================
Received Import Request.
  Time since last request: 38.987760 seconds.
  path: Assets/Scenes/Friendly Flowers.unity
  artifactKey: Guid(2cda990e2423bbf4892e6590ba056729) Importer(815301076,1909f56bfc062723c751e8b465ee728b)
Start importing Assets/Scenes/Friendly Flowers.unity using Guid(2cda990e2423bbf4892e6590ba056729) Importer(815301076,1909f56bfc062723c751e8b465ee728b)  -> (artifact id: '2cc51b45891def0dd1c7062510d12e05') in 0.049293 seconds
  Import took 0.075460 seconds .

========================================================================
Received Prepare
Registering precompiled user dll's ...
Registered in 0.001131 seconds.
Begin MonoManager ReloadAssembly
Native extension for WindowsStandalone target not found
Refreshing native plugins compatible for Editor in 0.58 ms, found 1 plugins.
Preloading 0 native plugins for Editor in 0.00 ms.
Mono: successfully reloaded assembly
- Completed reload, in  1.580 seconds
Platform modules already initialized, skipping
Refreshing native plugins compatible for Editor in 0.50 ms, found 1 plugins.
Preloading 0 native plugins for Editor in 0.00 ms.
Unloading 1821 Unused Serialized files (Serialized files now loaded: 0)
System memory in use before: 88.8 MB.
System memory in use after: 89.0 MB.

Unloading 7 unused Assets to reduce memory usage. Loaded Objects now: 2319.
Total: 2.564000 ms (FindLiveObjects: 0.241100 ms CreateObjectMapping: 0.101100 ms MarkObjects: 2.201300 ms  DeleteObjects: 0.018600 ms)

========================================================================
Received Import Request.
  Time since last request: 412.539474 seconds.
  path: Assets/Scripts/User.cs
  artifactKey: Guid(5ff04f736139707478e3a0679bd14ad0) Importer(815301076,1909f56bfc062723c751e8b465ee728b)
Start importing Assets/Scripts/User.cs using Guid(5ff04f736139707478e3a0679bd14ad0) Importer(815301076,1909f56bfc062723c751e8b465ee728b)  -> (artifact id: '681ab1b5e7d472cb2a919bbae6992c49') in 0.013526 seconds
  Import took 0.017651 seconds .

========================================================================
Received Prepare
Registering precompiled user dll's ...
Registered in 0.001125 seconds.
Begin MonoManager ReloadAssembly
Native extension for WindowsStandalone target not found
Refreshing native plugins compatible for Editor in 0.46 ms, found 1 plugins.
Preloading 0 native plugins for Editor in 0.00 ms.
Mono: successfully reloaded assembly
- Completed reload, in  1.487 seconds
Platform modules already initialized, skipping
Refreshing native plugins compatible for Editor in 0.48 ms, found 1 plugins.
Preloading 0 native plugins for Editor in 0.00 ms.
Unloading 1821 Unused Serialized files (Serialized files now loaded: 0)
System memory in use before: 88.9 MB.
System memory in use after: 89.0 MB.

Unloading 7 unused Assets to reduce memory usage. Loaded Objects now: 2323.
Total: 2.588600 ms (FindLiveObjects: 0.225500 ms CreateObjectMapping: 0.085800 ms MarkObjects: 2.255600 ms  DeleteObjects: 0.020200 ms)

========================================================================
Received Prepare
Registering precompiled user dll's ...
Registered in 0.003687 seconds.
Begin MonoManager ReloadAssembly
Native extension for WindowsStandalone target not found
Refreshing native plugins compatible for Editor in 0.80 ms, found 1 plugins.
Preloading 0 native plugins for Editor in 0.00 ms.
Mono: successfully reloaded assembly
- Completed reload, in  3.023 seconds
Platform modules already initialized, skipping
Refreshing native plugins compatible for Editor in 0.48 ms, found 1 plugins.
Preloading 0 native plugins for Editor in 0.00 ms.
Unloading 1821 Unused Serialized files (Serialized files now loaded: 0)
System memory in use before: 88.9 MB.
System memory in use after: 89.0 MB.

Unloading 7 unused Assets to reduce memory usage. Loaded Objects now: 2327.
Total: 7.990100 ms (FindLiveObjects: 0.260700 ms CreateObjectMapping: 0.201800 ms MarkObjects: 7.495600 ms  DeleteObjects: 0.029500 ms)

========================================================================
Received Prepare
Registering precompiled user dll's ...
Registered in 0.001416 seconds.
Begin MonoManager ReloadAssembly
Native extension for WindowsStandalone target not found
Refreshing native plugins compatible for Editor in 1.47 ms, found 1 plugins.
Preloading 0 native plugins for Editor in 0.00 ms.
Mono: successfully reloaded assembly
- Completed reload, in  3.212 seconds
Platform modules already initialized, skipping
Refreshing native plugins compatible for Editor in 0.48 ms, found 1 plugins.
Preloading 0 native plugins for Editor in 0.00 ms.
Unloading 1821 Unused Serialized files (Serialized files now loaded: 0)
System memory in use before: 88.9 MB.
System memory in use after: 89.0 MB.

Unloading 7 unused Assets to reduce memory usage. Loaded Objects now: 2331.
Total: 8.119800 ms (FindLiveObjects: 0.807800 ms CreateObjectMapping: 0.777200 ms MarkObjects: 6.504100 ms  DeleteObjects: 0.027000 ms)

========================================================================
Received Prepare
Registering precompiled user dll's ...
Registered in 0.001634 seconds.
Begin MonoManager ReloadAssembly
Native extension for WindowsStandalone target not found
Refreshing native plugins compatible for Editor in 0.46 ms, found 1 plugins.
Preloading 0 native plugins for Editor in 0.00 ms.
Mono: successfully reloaded assembly
- Completed reload, in  1.376 seconds
Platform modules already initialized, skipping
Refreshing native plugins compatible for Editor in 0.46 ms, found 1 plugins.
Preloading 0 native plugins for Editor in 0.00 ms.
Unloading 1821 Unused Serialized files (Serialized files now loaded: 0)
System memory in use before: 88.9 MB.
System memory in use after: 89.0 MB.

Unloading 7 unused Assets to reduce memory usage. Loaded Objects now: 2335.
Total: 2.856000 ms (FindLiveObjects: 0.232100 ms CreateObjectMapping: 0.092800 ms MarkObjects: 2.508100 ms  DeleteObjects: 0.021600 ms)

========================================================================
Received Prepare
Registering precompiled user dll's ...
Registered in 0.001122 seconds.
Begin MonoManager ReloadAssembly
Native extension for WindowsStandalone target not found
Refreshing native plugins compatible for Editor in 0.51 ms, found 1 plugins.
Preloading 0 native plugins for Editor in 0.00 ms.
Mono: successfully reloaded assembly
- Completed reload, in  1.311 seconds
Platform modules already initialized, skipping
Refreshing native plugins compatible for Editor in 0.45 ms, found 1 plugins.
Preloading 0 native plugins for Editor in 0.00 ms.
Unloading 1821 Unused Serialized files (Serialized files now loaded: 0)
System memory in use before: 88.9 MB.
System memory in use after: 89.0 MB.

Unloading 7 unused Assets to reduce memory usage. Loaded Objects now: 2339.
Total: 2.888100 ms (FindLiveObjects: 0.232000 ms CreateObjectMapping: 0.091300 ms MarkObjects: 2.541900 ms  DeleteObjects: 0.021400 ms)

========================================================================
Received Import Request.
  Time since last request: 612.318894 seconds.
  path: Assets/Scenes
  artifactKey: Guid(9c3f7ee5d48965f4f89dc79692db74ad) Importer(815301076,1909f56bfc062723c751e8b465ee728b)
Start importing Assets/Scenes using Guid(9c3f7ee5d48965f4f89dc79692db74ad) Importer(815301076,1909f56bfc062723c751e8b465ee728b)  -> (artifact id: 'c096b6304fa18128147249aa9d8b9dc0') in 1.621145 seconds
  Import took 1.625712 seconds .

========================================================================
Received Prepare
Registering precompiled user dll's ...
Registered in 0.001170 seconds.
Begin MonoManager ReloadAssembly
Native extension for WindowsStandalone target not found
Refreshing native plugins compatible for Editor in 0.46 ms, found 1 plugins.
Preloading 0 native plugins for Editor in 0.00 ms.
Mono: successfully reloaded assembly
- Completed reload, in  1.327 seconds
Platform modules already initialized, skipping
Refreshing native plugins compatible for Editor in 0.46 ms, found 1 plugins.
Preloading 0 native plugins for Editor in 0.00 ms.
Unloading 1821 Unused Serialized files (Serialized files now loaded: 0)
System memory in use before: 88.9 MB.
System memory in use after: 89.0 MB.

Unloading 7 unused Assets to reduce memory usage. Loaded Objects now: 2343.
Total: 2.897900 ms (FindLiveObjects: 0.232200 ms CreateObjectMapping: 0.092900 ms MarkObjects: 2.547100 ms  DeleteObjects: 0.024200 ms)

========================================================================
Received Import Request.
  Time since last request: 14.253678 seconds.
  path: Assets/Scenes/Test.unity
  artifactKey: Guid(65d1cc21566b7ba45abc5303dafb37b1) Importer(815301076,1909f56bfc062723c751e8b465ee728b)
Start importing Assets/Scenes/Test.unity using Guid(65d1cc21566b7ba45abc5303dafb37b1) Importer(815301076,1909f56bfc062723c751e8b465ee728b)  -> (artifact id: 'ee9d7fc35cfe410c55f89e1324a7db15') in 0.023281 seconds
  Import took 0.027962 seconds .

========================================================================
Received Prepare
Registering precompiled user dll's ...
Registered in 0.001391 seconds.
Begin MonoManager ReloadAssembly
Native extension for WindowsStandalone target not found
Refreshing native plugins compatible for Editor in 0.50 ms, found 1 plugins.
Preloading 0 native plugins for Editor in 0.00 ms.
Mono: successfully reloaded assembly
- Completed reload, in  1.327 seconds
Platform modules already initialized, skipping
Refreshing native plugins compatible for Editor in 1.08 ms, found 1 plugins.
Preloading 0 native plugins for Editor in 0.00 ms.
Unloading 1821 Unused Serialized files (Serialized files now loaded: 0)
System memory in use before: 88.9 MB.
System memory in use after: 89.0 MB.

Unloading 7 unused Assets to reduce memory usage. Loaded Objects now: 2347.
Total: 3.236500 ms (FindLiveObjects: 0.256200 ms CreateObjectMapping: 0.092300 ms MarkObjects: 2.858400 ms  DeleteObjects: 0.027500 ms)

========================================================================
Received Prepare
Registering precompiled user dll's ...
Registered in 0.001145 seconds.
Begin MonoManager ReloadAssembly
Native extension for WindowsStandalone target not found
Refreshing native plugins compatible for Editor in 0.47 ms, found 1 plugins.
Preloading 0 native plugins for Editor in 0.00 ms.
Mono: successfully reloaded assembly
- Completed reload, in  1.433 seconds
Platform modules already initialized, skipping
Refreshing native plugins compatible for Editor in 0.45 ms, found 1 plugins.
Preloading 0 native plugins for Editor in 0.00 ms.
Unloading 1821 Unused Serialized files (Serialized files now loaded: 0)
System memory in use before: 88.9 MB.
System memory in use after: 89.0 MB.

Unloading 7 unused Assets to reduce memory usage. Loaded Objects now: 2351.
Total: 2.969400 ms (FindLiveObjects: 0.247800 ms CreateObjectMapping: 0.103500 ms MarkObjects: 2.593000 ms  DeleteObjects: 0.023600 ms)

========================================================================
Received Prepare
Registering precompiled user dll's ...
Registered in 0.001149 seconds.
Begin MonoManager ReloadAssembly
Native extension for WindowsStandalone target not found
Refreshing native plugins compatible for Editor in 0.45 ms, found 1 plugins.
Preloading 0 native plugins for Editor in 0.00 ms.
Mono: successfully reloaded assembly
- Completed reload, in  1.354 seconds
Platform modules already initialized, skipping
Refreshing native plugins compatible for Editor in 0.46 ms, found 1 plugins.
Preloading 0 native plugins for Editor in 0.00 ms.
Unloading 1821 Unused Serialized files (Serialized files now loaded: 0)
System memory in use before: 88.9 MB.
System memory in use after: 89.0 MB.

Unloading 7 unused Assets to reduce memory usage. Loaded Objects now: 2355.
Total: 3.961400 ms (FindLiveObjects: 0.336700 ms CreateObjectMapping: 0.100700 ms MarkObjects: 3.494800 ms  DeleteObjects: 0.027200 ms)

========================================================================
Received Import Request.
  Time since last request: 102.489263 seconds.
  path: Assets/Tile/Volcano/Lava_2_0.asset
  artifactKey: Guid(69049b2365185f940b1c77e1fb5f9e0c) Importer(815301076,1909f56bfc062723c751e8b465ee728b)
Start importing Assets/Tile/Volcano/Lava_2_0.asset using Guid(69049b2365185f940b1c77e1fb5f9e0c) Importer(815301076,1909f56bfc062723c751e8b465ee728b)  -> (artifact id: 'a410d51a3861770732394d4b0715e45a') in 0.072419 seconds
  Import took 0.076786 seconds .

========================================================================
Received Import Request.
  Time since last request: 0.000393 seconds.
  path: Assets/Tile/Volcano/Lava_2_4.asset
  artifactKey: Guid(8c768d58a4e1cdd4caba6d69302d0223) Importer(815301076,1909f56bfc062723c751e8b465ee728b)
Start importing Assets/Tile/Volcano/Lava_2_4.asset using Guid(8c768d58a4e1cdd4caba6d69302d0223) Importer(815301076,1909f56bfc062723c751e8b465ee728b)  -> (artifact id: 'bb7b04815de704f340484adcb3b9b393') in 0.012412 seconds
  Import took 0.016373 seconds .

========================================================================
Received Import Request.
  Time since last request: 0.000360 seconds.
  path: Assets/Tile/Volcano/Lava_2_7.asset
  artifactKey: Guid(e89d2f4a381a34b43a66e5cc8fa389ed) Importer(815301076,1909f56bfc062723c751e8b465ee728b)
Start importing Assets/Tile/Volcano/Lava_2_7.asset using Guid(e89d2f4a381a34b43a66e5cc8fa389ed) Importer(815301076,1909f56bfc062723c751e8b465ee728b)  -> (artifact id: '207b06dfe1be33d1d0012669b124a281') in 0.013470 seconds
  Import took 0.017506 seconds .

========================================================================
Received Import Request.
  Time since last request: 0.000398 seconds.
  path: Assets/Tile/Volcano/Rocks_1_3.asset
  artifactKey: Guid(f991dd7c247cedf44a0cbdff38a119af) Importer(815301076,1909f56bfc062723c751e8b465ee728b)
Start importing Assets/Tile/Volcano/Rocks_1_3.asset using Guid(f991dd7c247cedf44a0cbdff38a119af) Importer(815301076,1909f56bfc062723c751e8b465ee728b)  -> (artifact id: '066107183a7f1ef807e2dcc318a2f52d') in 0.012532 seconds
  Import took 0.017036 seconds .

========================================================================
Received Import Request.
  Time since last request: 0.000376 seconds.
  path: Assets/Tile/Volcano/Rocks_1_5.asset
  artifactKey: Guid(05903e0b140f9294bbed55469e25ca99) Importer(815301076,1909f56bfc062723c751e8b465ee728b)
Start importing Assets/Tile/Volcano/Rocks_1_5.asset using Guid(05903e0b140f9294bbed55469e25ca99) Importer(815301076,1909f56bfc062723c751e8b465ee728b)  -> (artifact id: '3c8d5d367c1676641a62c9180933133d') in 0.012119 seconds
  Import took 0.017086 seconds .

========================================================================
Received Import Request.
  Time since last request: 0.000357 seconds.
  path: Assets/Tile/Volcano/Rocks_1.png
  artifactKey: Guid(5d746552a87f99d4b8d02a8bbed03b98) Importer(815301076,1909f56bfc062723c751e8b465ee728b)
Start importing Assets/Tile/Volcano/Rocks_1.png using Guid(5d746552a87f99d4b8d02a8bbed03b98) Importer(815301076,1909f56bfc062723c751e8b465ee728b)  -> (artifact id: 'b5a8e5f2c432c8aa8045cb2dcf75951f') in 0.059407 seconds
  Import took 0.064617 seconds .

========================================================================
Received Import Request.
  Time since last request: 0.000391 seconds.
  path: Assets/Tile/Volcano
  artifactKey: Guid(87b0d460b19ca1246894330ffaaf80c9) Importer(815301076,1909f56bfc062723c751e8b465ee728b)
Start importing Assets/Tile/Volcano using Guid(87b0d460b19ca1246894330ffaaf80c9) Importer(815301076,1909f56bfc062723c751e8b465ee728b)  -> (artifact id: '337f661855544537b5e0a17de1eeb896') in 0.007545 seconds
  Import took 0.011753 seconds .

========================================================================
Received Import Request.
  Time since last request: 0.000359 seconds.
  path: Assets/Tile/Volcano/Lava_2_8.asset
  artifactKey: Guid(4d8209dee7c2a4e46914c7f6be3e7803) Importer(815301076,1909f56bfc062723c751e8b465ee728b)
Start importing Assets/Tile/Volcano/Lava_2_8.asset using Guid(4d8209dee7c2a4e46914c7f6be3e7803) Importer(815301076,1909f56bfc062723c751e8b465ee728b)  -> (artifact id: 'bb301ed4720d4a1e7b4ffb7dc146c6b1') in 0.013267 seconds
  Import took 0.018358 seconds .

========================================================================
Received Import Request.
  Time since last request: 0.000286 seconds.
  path: Assets/Tile/Volcano/Rocks_1_0.asset
  artifactKey: Guid(23663ba6ee11a694d95a6111f7694ecc) Importer(815301076,1909f56bfc062723c751e8b465ee728b)
Start importing Assets/Tile/Volcano/Rocks_1_0.asset using Guid(23663ba6ee11a694d95a6111f7694ecc) Importer(815301076,1909f56bfc062723c751e8b465ee728b)  -> (artifact id: 'c540158766ac5319633d50e6da681dda') in 0.014803 seconds
  Import took 0.020175 seconds .

========================================================================
Received Import Request.
  Time since last request: 0.000251 seconds.
  path: Assets/Tile/Volcano/Rocks_1_8.asset
  artifactKey: Guid(1dbcca9bdcb845f49b1812dca3c8fda6) Importer(815301076,1909f56bfc062723c751e8b465ee728b)
Start importing Assets/Tile/Volcano/Rocks_1_8.asset using Guid(1dbcca9bdcb845f49b1812dca3c8fda6) Importer(815301076,1909f56bfc062723c751e8b465ee728b)  -> (artifact id: '97c33c8b8b865921e98bce115400aa6a') in 0.016765 seconds
  Import took 0.021957 seconds .

========================================================================
Received Import Request.
  Time since last request: 0.000340 seconds.
  path: Assets/Tile/Volcano/Rocks_1_7.asset
  artifactKey: Guid(90a6ad35c1d14e34a8d009d0ec824b04) Importer(815301076,1909f56bfc062723c751e8b465ee728b)
Start importing Assets/Tile/Volcano/Rocks_1_7.asset using Guid(90a6ad35c1d14e34a8d009d0ec824b04) Importer(815301076,1909f56bfc062723c751e8b465ee728b)  -> (artifact id: '57b2804bf6ce51459135e7b3d2434afa') in 0.015085 seconds
  Import took 0.022795 seconds .

========================================================================
Received Import Request.
  Time since last request: 0.001043 seconds.
  path: Assets/Tile/Volcano/Lava_2_6.asset
  artifactKey: Guid(6a55355de3871864cb7b64e43b48b703) Importer(815301076,1909f56bfc062723c751e8b465ee728b)
Start importing Assets/Tile/Volcano/Lava_2_6.asset using Guid(6a55355de3871864cb7b64e43b48b703) Importer(815301076,1909f56bfc062723c751e8b465ee728b)  -> (artifact id: '2ff1294266789b96c2e917a823221cf0') in 0.013959 seconds
  Import took 0.023850 seconds .

========================================================================
Received Import Request.
  Time since last request: 0.000312 seconds.
  path: Assets/Tile/Volcano/Lava_2_3.asset
  artifactKey: Guid(f96d3c09d3a5a5a42b344505b33067ba) Importer(815301076,1909f56bfc062723c751e8b465ee728b)
Start importing Assets/Tile/Volcano/Lava_2_3.asset using Guid(f96d3c09d3a5a5a42b344505b33067ba) Importer(815301076,1909f56bfc062723c751e8b465ee728b)  -> (artifact id: 'fa429c19c16ed42e639074af16450d9b') in 0.013280 seconds
  Import took 0.019450 seconds .

========================================================================
Received Import Request.
  Time since last request: 0.000291 seconds.
  path: Assets/Tile/Volcano/Lava_2_5.asset
  artifactKey: Guid(a81a69e14e8e95944a8593dfdacc7d37) Importer(815301076,1909f56bfc062723c751e8b465ee728b)
Start importing Assets/Tile/Volcano/Lava_2_5.asset using Guid(a81a69e14e8e95944a8593dfdacc7d37) Importer(815301076,1909f56bfc062723c751e8b465ee728b)  -> (artifact id: '5ef0723f2a820b75458d0a7e493b34c8') in 0.020349 seconds
  Import took 0.025181 seconds .

========================================================================
Received Import Request.
  Time since last request: 0.000257 seconds.
  path: Assets/Tile/Volcano/Lava_2_1.asset
  artifactKey: Guid(2505f3d6b866c0a4594ef2487276867b) Importer(815301076,1909f56bfc062723c751e8b465ee728b)
Start importing Assets/Tile/Volcano/Lava_2_1.asset using Guid(2505f3d6b866c0a4594ef2487276867b) Importer(815301076,1909f56bfc062723c751e8b465ee728b)  -> (artifact id: 'c4f8a3a6bde74dcb96187f1795961875') in 0.013239 seconds
  Import took 0.018589 seconds .

========================================================================
Received Import Request.
  Time since last request: 0.000291 seconds.
  path: Assets/Tile/Volcano/Rocks_1_4.asset
  artifactKey: Guid(933d47a4bf4a99e49b3d920c5db03c6d) Importer(815301076,1909f56bfc062723c751e8b465ee728b)
Start importing Assets/Tile/Volcano/Rocks_1_4.asset using Guid(933d47a4bf4a99e49b3d920c5db03c6d) Importer(815301076,1909f56bfc062723c751e8b465ee728b)  -> (artifact id: '1802b74df3eedcf7b85242db1be7e93d') in 0.013821 seconds
  Import took 0.018822 seconds .

========================================================================
Received Import Request.
  Time since last request: 0.000381 seconds.
  path: Assets/Tile/Volcano/Lava_2_2.asset
  artifactKey: Guid(6a4f85c8be883f847a3a2538bc3b1075) Importer(815301076,1909f56bfc062723c751e8b465ee728b)
Start importing Assets/Tile/Volcano/Lava_2_2.asset using Guid(6a4f85c8be883f847a3a2538bc3b1075) Importer(815301076,1909f56bfc062723c751e8b465ee728b)  -> (artifact id: 'e97cafc85371a7af245271c8d81ecc32') in 0.020582 seconds
  Import took 0.025681 seconds .

========================================================================
Received Import Request.
  Time since last request: 0.000306 seconds.
  path: Assets/Tile/Volcano/Rocks_1_1.asset
  artifactKey: Guid(3e906db291f92e44ea6a5968dcc409a3) Importer(815301076,1909f56bfc062723c751e8b465ee728b)
Start importing Assets/Tile/Volcano/Rocks_1_1.asset using Guid(3e906db291f92e44ea6a5968dcc409a3) Importer(815301076,1909f56bfc062723c751e8b465ee728b)  -> (artifact id: '86abeadc551af1a17f3f7e76bd694edf') in 0.012873 seconds
  Import took 0.018217 seconds .

========================================================================
Received Import Request.
  Time since last request: 0.000311 seconds.
  path: Assets/Tile/Volcano/Rocks_1_2.asset
  artifactKey: Guid(252956098da344d498c880fb4b894fbe) Importer(815301076,1909f56bfc062723c751e8b465ee728b)
Start importing Assets/Tile/Volcano/Rocks_1_2.asset using Guid(252956098da344d498c880fb4b894fbe) Importer(815301076,1909f56bfc062723c751e8b465ee728b)  -> (artifact id: '2e720799bcfd74eb6e1b8785ec5c909f') in 0.012528 seconds
  Import took 0.018815 seconds .

========================================================================
Received Import Request.
  Time since last request: 0.000540 seconds.
  path: Assets/Tile/Volcano/Volcanic Palette.prefab
  artifactKey: Guid(f8784db29f9495d44ba3fccab4f30885) Importer(815301076,1909f56bfc062723c751e8b465ee728b)
Start importing Assets/Tile/Volcano/Volcanic Palette.prefab using Guid(f8784db29f9495d44ba3fccab4f30885) Importer(815301076,1909f56bfc062723c751e8b465ee728b)  -> (artifact id: '99d3dbb0a5a8cc37831d70a8c6575a6e') in 0.026952 seconds
  Import took 0.031444 seconds .

========================================================================
Received Import Request.
  Time since last request: 0.000284 seconds.
  path: Assets/Tile/Volcano/Rocks_1_6.asset
  artifactKey: Guid(2aec21c9e8d8ae647a07e466091ec39a) Importer(815301076,1909f56bfc062723c751e8b465ee728b)
Start importing Assets/Tile/Volcano/Rocks_1_6.asset using Guid(2aec21c9e8d8ae647a07e466091ec39a) Importer(815301076,1909f56bfc062723c751e8b465ee728b)  -> (artifact id: '48c287053428ba5d6a2529f02cd49b9d') in 0.014522 seconds
  Import took 0.019316 seconds .

========================================================================
Received Import Request.
  Time since last request: 16.615938 seconds.
  path: Assets/Tile/Tree/tree2-final.asset
  artifactKey: Guid(e932c738f0dcc454b8a7a71ce0c86f82) Importer(815301076,1909f56bfc062723c751e8b465ee728b)
Start importing Assets/Tile/Tree/tree2-final.asset using Guid(e932c738f0dcc454b8a7a71ce0c86f82) Importer(815301076,1909f56bfc062723c751e8b465ee728b)  -> (artifact id: '452dd33b6f90d6b4e486229c979f8bf5') in 0.015725 seconds
  Import took 0.020786 seconds .

========================================================================
Received Import Request.
  Time since last request: 79.359271 seconds.
  path: Assets/Music/Vicious Volcano Background.wav
  artifactKey: Guid(9bf5c3cb1f5d5584a9408aae4c5d6ddf) Importer(815301076,1909f56bfc062723c751e8b465ee728b)
Start importing Assets/Music/Vicious Volcano Background.wav using Guid(9bf5c3cb1f5d5584a9408aae4c5d6ddf) Importer(815301076,1909f56bfc062723c751e8b465ee728b)  -> (artifact id: 'd01ae25bf193381d876df5206d5bafa5') in 0.048000 seconds
  Import took 0.053458 seconds .

========================================================================
Received Prepare
Registering precompiled user dll's ...
Registered in 0.001404 seconds.
Begin MonoManager ReloadAssembly
Native extension for WindowsStandalone target not found
Refreshing native plugins compatible for Editor in 0.47 ms, found 1 plugins.
Preloading 0 native plugins for Editor in 0.00 ms.
Mono: successfully reloaded assembly
- Completed reload, in  1.324 seconds
Platform modules already initialized, skipping
Refreshing native plugins compatible for Editor in 0.48 ms, found 1 plugins.
Preloading 0 native plugins for Editor in 0.00 ms.
Unloading 1821 Unused Serialized files (Serialized files now loaded: 0)
System memory in use before: 89.2 MB.
System memory in use after: 89.3 MB.

Unloading 7 unused Assets to reduce memory usage. Loaded Objects now: 2361.
Total: 2.757700 ms (FindLiveObjects: 0.255800 ms CreateObjectMapping: 0.090000 ms MarkObjects: 2.389600 ms  DeleteObjects: 0.020900 ms)

========================================================================
Received Prepare
Registering precompiled user dll's ...
Registered in 0.001134 seconds.
Begin MonoManager ReloadAssembly
Native extension for WindowsStandalone target not found
Refreshing native plugins compatible for Editor in 0.47 ms, found 1 plugins.
Preloading 0 native plugins for Editor in 0.00 ms.
Mono: successfully reloaded assembly
- Completed reload, in  1.290 seconds
Platform modules already initialized, skipping
Refreshing native plugins compatible for Editor in 0.49 ms, found 1 plugins.
Preloading 0 native plugins for Editor in 0.00 ms.
Unloading 1821 Unused Serialized files (Serialized files now loaded: 0)
System memory in use before: 89.2 MB.
System memory in use after: 89.3 MB.

Unloading 7 unused Assets to reduce memory usage. Loaded Objects now: 2365.
Total: 3.189600 ms (FindLiveObjects: 0.255400 ms CreateObjectMapping: 0.100400 ms MarkObjects: 2.809700 ms  DeleteObjects: 0.022300 ms)

========================================================================
Received Prepare
Registering precompiled user dll's ...
Registered in 0.001167 seconds.
Begin MonoManager ReloadAssembly
Native extension for WindowsStandalone target not found
Refreshing native plugins compatible for Editor in 0.46 ms, found 1 plugins.
Preloading 0 native plugins for Editor in 0.00 ms.
Mono: successfully reloaded assembly
- Completed reload, in  1.319 seconds
Platform modules already initialized, skipping
Refreshing native plugins compatible for Editor in 0.48 ms, found 1 plugins.
Preloading 0 native plugins for Editor in 0.00 ms.
Unloading 1821 Unused Serialized files (Serialized files now loaded: 0)
System memory in use before: 89.2 MB.
System memory in use after: 89.3 MB.

Unloading 7 unused Assets to reduce memory usage. Loaded Objects now: 2369.
Total: 2.960100 ms (FindLiveObjects: 0.249100 ms CreateObjectMapping: 0.100600 ms MarkObjects: 2.586200 ms  DeleteObjects: 0.022100 ms)

========================================================================
Received Prepare
Registering precompiled user dll's ...
Registered in 0.001157 seconds.
Begin MonoManager ReloadAssembly
Native extension for WindowsStandalone target not found
Refreshing native plugins compatible for Editor in 0.49 ms, found 1 plugins.
Preloading 0 native plugins for Editor in 0.00 ms.
Mono: successfully reloaded assembly
- Completed reload, in  1.362 seconds
Platform modules already initialized, skipping
Refreshing native plugins compatible for Editor in 0.49 ms, found 1 plugins.
Preloading 0 native plugins for Editor in 0.00 ms.
Unloading 1821 Unused Serialized files (Serialized files now loaded: 0)
System memory in use before: 89.2 MB.
System memory in use after: 89.3 MB.

Unloading 7 unused Assets to reduce memory usage. Loaded Objects now: 2373.
Total: 3.162200 ms (FindLiveObjects: 0.250400 ms CreateObjectMapping: 0.089800 ms MarkObjects: 2.800000 ms  DeleteObjects: 0.020600 ms)

========================================================================
Received Prepare
Registering precompiled user dll's ...
Registered in 0.002605 seconds.
Begin MonoManager ReloadAssembly
Native extension for WindowsStandalone target not found
Refreshing native plugins compatible for Editor in 0.48 ms, found 1 plugins.
Preloading 0 native plugins for Editor in 0.00 ms.
Mono: successfully reloaded assembly
- Completed reload, in  1.526 seconds
Platform modules already initialized, skipping
Refreshing native plugins compatible for Editor in 0.46 ms, found 1 plugins.
Preloading 0 native plugins for Editor in 0.00 ms.
Unloading 1821 Unused Serialized files (Serialized files now loaded: 0)
System memory in use before: 89.2 MB.
System memory in use after: 89.3 MB.

Unloading 7 unused Assets to reduce memory usage. Loaded Objects now: 2377.
Total: 2.913000 ms (FindLiveObjects: 0.232000 ms CreateObjectMapping: 0.092100 ms MarkObjects: 2.566100 ms  DeleteObjects: 0.021200 ms)

========================================================================
Received Prepare
Registering precompiled user dll's ...
Registered in 0.001254 seconds.
Begin MonoManager ReloadAssembly
Native extension for WindowsStandalone target not found
Refreshing native plugins compatible for Editor in 0.46 ms, found 1 plugins.
Preloading 0 native plugins for Editor in 0.00 ms.
Mono: successfully reloaded assembly
- Completed reload, in  1.888 seconds
Platform modules already initialized, skipping
Refreshing native plugins compatible for Editor in 0.48 ms, found 1 plugins.
Preloading 0 native plugins for Editor in 0.00 ms.
Unloading 1821 Unused Serialized files (Serialized files now loaded: 0)
System memory in use before: 89.2 MB.
System memory in use after: 89.3 MB.

Unloading 7 unused Assets to reduce memory usage. Loaded Objects now: 2381.
Total: 2.855500 ms (FindLiveObjects: 0.243400 ms CreateObjectMapping: 0.092000 ms MarkObjects: 2.498300 ms  DeleteObjects: 0.020300 ms)

========================================================================
Received Prepare
Registering precompiled user dll's ...
Registered in 0.001112 seconds.
Begin MonoManager ReloadAssembly
Native extension for WindowsStandalone target not found
Refreshing native plugins compatible for Editor in 0.50 ms, found 1 plugins.
Preloading 0 native plugins for Editor in 0.00 ms.
Mono: successfully reloaded assembly
- Completed reload, in  1.313 seconds
Platform modules already initialized, skipping
Refreshing native plugins compatible for Editor in 0.58 ms, found 1 plugins.
Preloading 0 native plugins for Editor in 0.00 ms.
Unloading 1821 Unused Serialized files (Serialized files now loaded: 0)
System memory in use before: 89.2 MB.
System memory in use after: 89.3 MB.

Unloading 7 unused Assets to reduce memory usage. Loaded Objects now: 2385.
Total: 2.981100 ms (FindLiveObjects: 0.239100 ms CreateObjectMapping: 0.106200 ms MarkObjects: 2.602900 ms  DeleteObjects: 0.031100 ms)

========================================================================
Received Prepare
Registering precompiled user dll's ...
Registered in 0.001618 seconds.
Begin MonoManager ReloadAssembly
Native extension for WindowsStandalone target not found
Refreshing native plugins compatible for Editor in 0.46 ms, found 1 plugins.
Preloading 0 native plugins for Editor in 0.00 ms.
Mono: successfully reloaded assembly
- Completed reload, in  1.390 seconds
Platform modules already initialized, skipping
Refreshing native plugins compatible for Editor in 0.66 ms, found 1 plugins.
Preloading 0 native plugins for Editor in 0.00 ms.
Unloading 1821 Unused Serialized files (Serialized files now loaded: 0)
System memory in use before: 89.2 MB.
System memory in use after: 89.3 MB.

Unloading 7 unused Assets to reduce memory usage. Loaded Objects now: 2389.
Total: 2.997800 ms (FindLiveObjects: 0.243900 ms CreateObjectMapping: 0.124700 ms MarkObjects: 2.604500 ms  DeleteObjects: 0.023100 ms)

========================================================================
Received Prepare
Registering precompiled user dll's ...
Registered in 0.001224 seconds.
Begin MonoManager ReloadAssembly
Native extension for WindowsStandalone target not found
Refreshing native plugins compatible for Editor in 0.51 ms, found 1 plugins.
Preloading 0 native plugins for Editor in 0.00 ms.
Mono: successfully reloaded assembly
- Completed reload, in  1.942 seconds
Platform modules already initialized, skipping
Refreshing native plugins compatible for Editor in 0.55 ms, found 1 plugins.
Preloading 0 native plugins for Editor in 0.00 ms.
Unloading 1821 Unused Serialized files (Serialized files now loaded: 0)
System memory in use before: 89.2 MB.
System memory in use after: 89.3 MB.

Unloading 7 unused Assets to reduce memory usage. Loaded Objects now: 2393.
Total: 3.060000 ms (FindLiveObjects: 0.237100 ms CreateObjectMapping: 0.106400 ms MarkObjects: 2.694600 ms  DeleteObjects: 0.020400 ms)

========================================================================
Received Prepare
Registering precompiled user dll's ...
Registered in 0.001356 seconds.
Begin MonoManager ReloadAssembly
Native extension for WindowsStandalone target not found
Refreshing native plugins compatible for Editor in 0.46 ms, found 1 plugins.
Preloading 0 native plugins for Editor in 0.00 ms.
Mono: successfully reloaded assembly
- Completed reload, in  1.312 seconds
Platform modules already initialized, skipping
Refreshing native plugins compatible for Editor in 0.46 ms, found 1 plugins.
Preloading 0 native plugins for Editor in 0.00 ms.
Unloading 1821 Unused Serialized files (Serialized files now loaded: 0)
System memory in use before: 89.2 MB.
System memory in use after: 89.3 MB.

Unloading 7 unused Assets to reduce memory usage. Loaded Objects now: 2397.
Total: 2.798600 ms (FindLiveObjects: 0.238600 ms CreateObjectMapping: 0.085000 ms MarkObjects: 2.452000 ms  DeleteObjects: 0.021200 ms)

========================================================================
Received Prepare
Registering precompiled user dll's ...
Registered in 0.001130 seconds.
Begin MonoManager ReloadAssembly
Native extension for WindowsStandalone target not found
Refreshing native plugins compatible for Editor in 0.80 ms, found 1 plugins.
Preloading 0 native plugins for Editor in 0.00 ms.
Mono: successfully reloaded assembly
- Completed reload, in  1.323 seconds
Platform modules already initialized, skipping
Refreshing native plugins compatible for Editor in 0.52 ms, found 1 plugins.
Preloading 0 native plugins for Editor in 0.00 ms.
Unloading 1821 Unused Serialized files (Serialized files now loaded: 0)
System memory in use before: 89.2 MB.
System memory in use after: 89.4 MB.

Unloading 7 unused Assets to reduce memory usage. Loaded Objects now: 2401.
Total: 2.984300 ms (FindLiveObjects: 0.253200 ms CreateObjectMapping: 0.097100 ms MarkObjects: 2.610700 ms  DeleteObjects: 0.021400 ms)

========================================================================
Received Prepare
Registering precompiled user dll's ...
Registered in 0.001105 seconds.
Begin MonoManager ReloadAssembly
Native extension for WindowsStandalone target not found
Refreshing native plugins compatible for Editor in 0.80 ms, found 1 plugins.
Preloading 0 native plugins for Editor in 0.00 ms.
Mono: successfully reloaded assembly
- Completed reload, in  1.371 seconds
Platform modules already initialized, skipping
Refreshing native plugins compatible for Editor in 0.46 ms, found 1 plugins.
Preloading 0 native plugins for Editor in 0.00 ms.
Unloading 1821 Unused Serialized files (Serialized files now loaded: 0)
System memory in use before: 89.3 MB.
System memory in use after: 89.4 MB.

Unloading 7 unused Assets to reduce memory usage. Loaded Objects now: 2405.
Total: 2.909000 ms (FindLiveObjects: 0.256700 ms CreateObjectMapping: 0.084600 ms MarkObjects: 2.544100 ms  DeleteObjects: 0.022100 ms)

========================================================================
Received Prepare
Registering precompiled user dll's ...
Registered in 0.001128 seconds.
Begin MonoManager ReloadAssembly
Native extension for WindowsStandalone target not found
Refreshing native plugins compatible for Editor in 0.47 ms, found 1 plugins.
Preloading 0 native plugins for Editor in 0.00 ms.
Mono: successfully reloaded assembly
- Completed reload, in  1.355 seconds
Platform modules already initialized, skipping
Refreshing native plugins compatible for Editor in 0.48 ms, found 1 plugins.
Preloading 0 native plugins for Editor in 0.00 ms.
Unloading 1821 Unused Serialized files (Serialized files now loaded: 0)
System memory in use before: 89.3 MB.
System memory in use after: 89.4 MB.

Unloading 7 unused Assets to reduce memory usage. Loaded Objects now: 2409.
Total: 3.203200 ms (FindLiveObjects: 0.255300 ms CreateObjectMapping: 0.092300 ms MarkObjects: 2.832500 ms  DeleteObjects: 0.021600 ms)

========================================================================
Received Prepare
Registering precompiled user dll's ...
Registered in 0.001160 seconds.
Begin MonoManager ReloadAssembly
Native extension for WindowsStandalone target not found
Refreshing native plugins compatible for Editor in 0.79 ms, found 1 plugins.
Preloading 0 native plugins for Editor in 0.00 ms.
Mono: successfully reloaded assembly
- Completed reload, in  1.349 seconds
Platform modules already initialized, skipping
Refreshing native plugins compatible for Editor in 0.47 ms, found 1 plugins.
Preloading 0 native plugins for Editor in 0.00 ms.
Unloading 1821 Unused Serialized files (Serialized files now loaded: 0)
System memory in use before: 89.3 MB.
System memory in use after: 89.4 MB.

Unloading 7 unused Assets to reduce memory usage. Loaded Objects now: 2413.
Total: 3.124300 ms (FindLiveObjects: 0.249600 ms CreateObjectMapping: 0.108200 ms MarkObjects: 2.742400 ms  DeleteObjects: 0.022500 ms)

========================================================================
Received Prepare
Registering precompiled user dll's ...
Registered in 0.001123 seconds.
Begin MonoManager ReloadAssembly
Native extension for WindowsStandalone target not found
Refreshing native plugins compatible for Editor in 0.48 ms, found 1 plugins.
Preloading 0 native plugins for Editor in 0.00 ms.
Mono: successfully reloaded assembly
- Completed reload, in  1.396 seconds
Platform modules already initialized, skipping
Refreshing native plugins compatible for Editor in 0.45 ms, found 1 plugins.
Preloading 0 native plugins for Editor in 0.00 ms.
Unloading 1821 Unused Serialized files (Serialized files now loaded: 0)
System memory in use before: 89.3 MB.
System memory in use after: 89.4 MB.

Unloading 7 unused Assets to reduce memory usage. Loaded Objects now: 2417.
Total: 2.777600 ms (FindLiveObjects: 0.246300 ms CreateObjectMapping: 0.085800 ms MarkObjects: 2.424200 ms  DeleteObjects: 0.019800 ms)

========================================================================
Received Prepare
Registering precompiled user dll's ...
Registered in 0.001188 seconds.
Begin MonoManager ReloadAssembly
Native extension for WindowsStandalone target not found
Refreshing native plugins compatible for Editor in 0.48 ms, found 1 plugins.
Preloading 0 native plugins for Editor in 0.00 ms.
Mono: successfully reloaded assembly
- Completed reload, in  1.328 seconds
Platform modules already initialized, skipping
Refreshing native plugins compatible for Editor in 0.47 ms, found 1 plugins.
Preloading 0 native plugins for Editor in 0.00 ms.
Unloading 1821 Unused Serialized files (Serialized files now loaded: 0)
System memory in use before: 89.3 MB.
System memory in use after: 89.4 MB.

Unloading 7 unused Assets to reduce memory usage. Loaded Objects now: 2421.
Total: 2.950600 ms (FindLiveObjects: 0.260700 ms CreateObjectMapping: 0.088200 ms MarkObjects: 2.577300 ms  DeleteObjects: 0.022900 ms)

========================================================================
Received Prepare
Registering precompiled user dll's ...
Registered in 0.001134 seconds.
Begin MonoManager ReloadAssembly
Native extension for WindowsStandalone target not found
Refreshing native plugins compatible for Editor in 0.48 ms, found 1 plugins.
Preloading 0 native plugins for Editor in 0.00 ms.
Mono: successfully reloaded assembly
- Completed reload, in  1.330 seconds
Platform modules already initialized, skipping
Refreshing native plugins compatible for Editor in 0.48 ms, found 1 plugins.
Preloading 0 native plugins for Editor in 0.00 ms.
Unloading 1821 Unused Serialized files (Serialized files now loaded: 0)
System memory in use before: 89.3 MB.
System memory in use after: 89.4 MB.

Unloading 7 unused Assets to reduce memory usage. Loaded Objects now: 2425.
Total: 2.710100 ms (FindLiveObjects: 0.246500 ms CreateObjectMapping: 0.090700 ms MarkObjects: 2.350800 ms  DeleteObjects: 0.020700 ms)

========================================================================
Received Prepare
Registering precompiled user dll's ...
Registered in 0.001206 seconds.
Begin MonoManager ReloadAssembly
Native extension for WindowsStandalone target not found
Refreshing native plugins compatible for Editor in 0.46 ms, found 1 plugins.
Preloading 0 native plugins for Editor in 0.00 ms.
Mono: successfully reloaded assembly
- Completed reload, in  1.341 seconds
Platform modules already initialized, skipping
Refreshing native plugins compatible for Editor in 0.48 ms, found 1 plugins.
Preloading 0 native plugins for Editor in 0.00 ms.
Unloading 1821 Unused Serialized files (Serialized files now loaded: 0)
System memory in use before: 89.3 MB.
System memory in use after: 89.4 MB.

Unloading 7 unused Assets to reduce memory usage. Loaded Objects now: 2429.
Total: 3.070900 ms (FindLiveObjects: 0.263200 ms CreateObjectMapping: 0.087100 ms MarkObjects: 2.698200 ms  DeleteObjects: 0.020900 ms)

