Using pre-set license
Built from '2020.3/staging' branch; Version is '2020.3.8f1 (507919d4fff5) revision 5273881'; Using compiler version '192528614'; Build Type 'Release'
OS: 'Windows 10 Pro; OS build 19044.1586; Version 2009; 64bit' Language: 'en' Physical Memory: 16332 MB
BatchMode: 1, IsHumanControllingUs: 0, StartBugReporterOnCrash: 0, Is64bit: 1, IsPro: 0

 COMMAND LINE ARGUMENTS:
C:\Program Files\Unity\Hub\Editor\2020.3.8f1\Editor\Unity.exe
-adb2
-batchMode
-noUpm
-name
AssetImportWorker1
-projectPath
C:/Sheffield Hallam/Year 2/Game Dev/GameDevProject/Tower Offence
-logFile
Logs/AssetImportWorker1.log
-srvPort
52293
Successfully changed project path to: C:/Sheffield Hallam/Year 2/Game Dev/GameDevProject/Tower Offence
C:/Sheffield Hallam/Year 2/Game Dev/GameDevProject/Tower Offence
Using Asset Import Pipeline V2.
Refreshing native plugins compatible for Editor in 37.12 ms, found 1 plugins.
Preloading 0 native plugins for Editor in 0.00 ms.
Initialize engine version: 2020.3.8f1 (507919d4fff5)
[Subsystems] Discovering subsystems at path C:/Program Files/Unity/Hub/Editor/2020.3.8f1/Editor/Data/Resources/UnitySubsystems
[Subsystems] Discovering subsystems at path C:/Sheffield Hallam/Year 2/Game Dev/GameDevProject/Tower Offence/Assets
GfxDevice: creating device client; threaded=0
Direct3D:
    Version:  Direct3D 11.0 [level 11.1]
    Renderer: NVIDIA GeForce GTX 1660 SUPER (ID=0x21c4)
    Vendor:   
    VRAM:     5991 MB
    Driver:   27.21.14.5671
Initialize mono
Mono path[0] = 'C:/Program Files/Unity/Hub/Editor/2020.3.8f1/Editor/Data/Managed'
Mono path[1] = 'C:/Program Files/Unity/Hub/Editor/2020.3.8f1/Editor/Data/MonoBleedingEdge/lib/mono/unityjit'
Mono config path = 'C:/Program Files/Unity/Hub/Editor/2020.3.8f1/Editor/Data/MonoBleedingEdge/etc'
Using monoOptions --debugger-agent=transport=dt_socket,embedding=1,server=y,suspend=n,address=127.0.0.1:56904
Begin MonoManager ReloadAssembly
Registering precompiled unity dll's ...
Register platform support module: C:/Program Files/Unity/Hub/Editor/2020.3.8f1/Editor/Data/PlaybackEngines/WebGLSupport/UnityEditor.WebGL.Extensions.dll
Register platform support module: C:/Program Files/Unity/Hub/Editor/2020.3.8f1/Editor/Data/PlaybackEngines/WindowsStandaloneSupport/UnityEditor.WindowsStandalone.Extensions.dll
Registered in 0.002778 seconds.
Native extension for WindowsStandalone target not found
Native extension for WebGL target not found
Refreshing native plugins compatible for Editor in 38.26 ms, found 1 plugins.
Preloading 0 native plugins for Editor in 0.00 ms.
Mono: successfully reloaded assembly
- Completed reload, in  1.319 seconds
Platform modules already initialized, skipping
Registering precompiled user dll's ...
Registered in 0.001077 seconds.
Begin MonoManager ReloadAssembly
Native extension for WindowsStandalone target not found
Native extension for WebGL target not found
Refreshing native plugins compatible for Editor in 41.85 ms, found 1 plugins.
Preloading 0 native plugins for Editor in 0.00 ms.
Mono: successfully reloaded assembly
- Completed reload, in  1.010 seconds
Platform modules already initialized, skipping
========================================================================
Worker process is ready to serve import requests
Launched and connected shader compiler UnityShaderCompiler.exe after 0.04 seconds
Refreshing native plugins compatible for Editor in 0.37 ms, found 1 plugins.
Preloading 0 native plugins for Editor in 0.00 ms.
Unloading 1824 Unused Serialized files (Serialized files now loaded: 0)
System memory in use before: 85.5 MB.
System memory in use after: 85.4 MB.

Unloading 24 unused Assets to reduce memory usage. Loaded Objects now: 2268.
Total: 2.188600 ms (FindLiveObjects: 0.206300 ms CreateObjectMapping: 0.050000 ms MarkObjects: 1.790600 ms  DeleteObjects: 0.140200 ms)

========================================================================
Received Import Request.
  path: Assets/Prefabs/Units/Shronk.prefab
  artifactKey: Guid(fa5681dfe92674946ac2abe0e7ab752c) Importer(815301076,1909f56bfc062723c751e8b465ee728b)
Start importing Assets/Prefabs/Units/Shronk.prefab using Guid(fa5681dfe92674946ac2abe0e7ab752c) Importer(815301076,1909f56bfc062723c751e8b465ee728b)  -> (artifact id: '07fd882f7b1775a526b2e2fe4481f1b2') in 0.098879 seconds
  Import took 0.101725 seconds .

========================================================================
Received Import Request.
  Time since last request: 31.914771 seconds.
  path: Assets/Prefabs/Units/Hydros.prefab
  artifactKey: Guid(3feaf66874a81ab4c85cf63a9ebff715) Importer(815301076,1909f56bfc062723c751e8b465ee728b)
Start importing Assets/Prefabs/Units/Hydros.prefab using Guid(3feaf66874a81ab4c85cf63a9ebff715) Importer(815301076,1909f56bfc062723c751e8b465ee728b)  -> (artifact id: '2b09697ac0f876e765d3ab88dfb3a6ab') in 0.022577 seconds
  Import took 0.026310 seconds .

========================================================================
Received Import Request.
  Time since last request: 3.843784 seconds.
  path: Assets/Prefabs/Units/Hydros.prefab
  artifactKey: Guid(3feaf66874a81ab4c85cf63a9ebff715) Importer(815301076,1909f56bfc062723c751e8b465ee728b)
Start importing Assets/Prefabs/Units/Hydros.prefab using Guid(3feaf66874a81ab4c85cf63a9ebff715) Importer(815301076,1909f56bfc062723c751e8b465ee728b)  -> (artifact id: '9ca161b81f3ed84961db54e98477e706') in 0.011878 seconds
  Import took 0.014875 seconds .

========================================================================
Received Import Request.
  Time since last request: 11.644437 seconds.
  path: Assets/Prefabs/Units/Hydros.prefab
  artifactKey: Guid(3feaf66874a81ab4c85cf63a9ebff715) Importer(815301076,1909f56bfc062723c751e8b465ee728b)
Start importing Assets/Prefabs/Units/Hydros.prefab using Guid(3feaf66874a81ab4c85cf63a9ebff715) Importer(815301076,1909f56bfc062723c751e8b465ee728b)  -> (artifact id: '892eff35c2f408e66cb4d30ddc151a15') in 0.019773 seconds
  Import took 0.022853 seconds .

========================================================================
Received Import Request.
  Time since last request: 10.086990 seconds.
  path: Assets/Prefabs/Units/Summoner.prefab
  artifactKey: Guid(33e06eade3bc89f448a0dead0cb59cd2) Importer(815301076,1909f56bfc062723c751e8b465ee728b)
Start importing Assets/Prefabs/Units/Summoner.prefab using Guid(33e06eade3bc89f448a0dead0cb59cd2) Importer(815301076,1909f56bfc062723c751e8b465ee728b)  -> (artifact id: '0c1bf7fb2f9f1be65e2335825f692f23') in 0.015672 seconds
  Import took 0.018891 seconds .

========================================================================
Received Prepare
Registering precompiled user dll's ...
Registered in 0.001050 seconds.
Begin MonoManager ReloadAssembly
Native extension for WindowsStandalone target not found
Native extension for WebGL target not found
Refreshing native plugins compatible for Editor in 0.41 ms, found 1 plugins.
Preloading 0 native plugins for Editor in 0.00 ms.
Mono: successfully reloaded assembly
- Completed reload, in  0.902 seconds
Platform modules already initialized, skipping
Refreshing native plugins compatible for Editor in 0.39 ms, found 1 plugins.
Preloading 0 native plugins for Editor in 0.00 ms.
Unloading 1819 Unused Serialized files (Serialized files now loaded: 0)
System memory in use before: 88.5 MB.
System memory in use after: 88.5 MB.

Unloading 12 unused Assets to reduce memory usage. Loaded Objects now: 2279.
Total: 2.277500 ms (FindLiveObjects: 0.243200 ms CreateObjectMapping: 0.051200 ms MarkObjects: 1.854300 ms  DeleteObjects: 0.127000 ms)

========================================================================
Received Import Request.
  Time since last request: 88.622892 seconds.
  path: Assets/Prefabs/Units/Hydros.prefab
  artifactKey: Guid(3feaf66874a81ab4c85cf63a9ebff715) Importer(815301076,1909f56bfc062723c751e8b465ee728b)
Start importing Assets/Prefabs/Units/Hydros.prefab using Guid(3feaf66874a81ab4c85cf63a9ebff715) Importer(815301076,1909f56bfc062723c751e8b465ee728b)  -> (artifact id: '2e8988550af7ecd91aa44d3d27280754') in 0.059436 seconds
  Import took 0.062411 seconds .

========================================================================
Received Prepare
Registering precompiled user dll's ...
Registered in 0.001120 seconds.
Begin MonoManager ReloadAssembly
Native extension for WindowsStandalone target not found
Native extension for WebGL target not found
Refreshing native plugins compatible for Editor in 0.41 ms, found 1 plugins.
Preloading 0 native plugins for Editor in 0.00 ms.
Mono: successfully reloaded assembly
- Completed reload, in  0.892 seconds
Platform modules already initialized, skipping
Refreshing native plugins compatible for Editor in 0.42 ms, found 1 plugins.
Preloading 0 native plugins for Editor in 0.00 ms.
Unloading 1819 Unused Serialized files (Serialized files now loaded: 0)
System memory in use before: 88.5 MB.
System memory in use after: 88.5 MB.

Unloading 12 unused Assets to reduce memory usage. Loaded Objects now: 2284.
Total: 2.191800 ms (FindLiveObjects: 0.225100 ms CreateObjectMapping: 0.051300 ms MarkObjects: 1.787200 ms  DeleteObjects: 0.126800 ms)

========================================================================
Received Prepare
Registering precompiled user dll's ...
Registered in 0.001129 seconds.
Begin MonoManager ReloadAssembly
Native extension for WindowsStandalone target not found
Native extension for WebGL target not found
Refreshing native plugins compatible for Editor in 0.52 ms, found 1 plugins.
Preloading 0 native plugins for Editor in 0.00 ms.
Mono: successfully reloaded assembly
- Completed reload, in  0.896 seconds
Platform modules already initialized, skipping
Refreshing native plugins compatible for Editor in 0.40 ms, found 1 plugins.
Preloading 0 native plugins for Editor in 0.00 ms.
Unloading 1819 Unused Serialized files (Serialized files now loaded: 0)
System memory in use before: 88.6 MB.
System memory in use after: 88.5 MB.

Unloading 12 unused Assets to reduce memory usage. Loaded Objects now: 2288.
Total: 2.177800 ms (FindLiveObjects: 0.208300 ms CreateObjectMapping: 0.050500 ms MarkObjects: 1.793300 ms  DeleteObjects: 0.124200 ms)

========================================================================
Received Import Request.
  Time since last request: 128.801910 seconds.
  path: Assets/Music/Blonde Redhead - For the Damaged Coda.wav
  artifactKey: Guid(60b2b865ce6167c4ca5cdfae8e2340a4) Importer(815301076,1909f56bfc062723c751e8b465ee728b)
Start importing Assets/Music/Blonde Redhead - For the Damaged Coda.wav using Guid(60b2b865ce6167c4ca5cdfae8e2340a4) Importer(815301076,1909f56bfc062723c751e8b465ee728b)  -> (artifact id: 'c2f1aa051677bc2b6bcf2668b1d5f82b') in 0.091921 seconds
  Import took 0.095519 seconds .

========================================================================
Received Import Request.
  Time since last request: 0.000247 seconds.
  path: Assets/Music/MusicMixer.mixer
  artifactKey: Guid(9f1017fad8fb41744abf3683b54be3e2) Importer(815301076,1909f56bfc062723c751e8b465ee728b)
Start importing Assets/Music/MusicMixer.mixer using Guid(9f1017fad8fb41744abf3683b54be3e2) Importer(815301076,1909f56bfc062723c751e8b465ee728b)  -> (artifact id: 'b2388c18072f89b25337a80e67fe0982') in 0.009152 seconds
  Import took 0.011980 seconds .

========================================================================
Received Import Request.
  Time since last request: 0.000290 seconds.
  path: Assets/Music/Friendly Flowers Background.wav
  artifactKey: Guid(3fd2181464146f5459f6679f37ebd3b5) Importer(815301076,1909f56bfc062723c751e8b465ee728b)
Start importing Assets/Music/Friendly Flowers Background.wav using Guid(3fd2181464146f5459f6679f37ebd3b5) Importer(815301076,1909f56bfc062723c751e8b465ee728b)  -> (artifact id: 'e4aba9240f9f595af70e62a61adcf404') in 0.015883 seconds
  Import took 0.018964 seconds .

========================================================================
Received Import Request.
  Time since last request: 0.000295 seconds.
  path: Assets/Music/Main Menu BG.wav
  artifactKey: Guid(41a24f052676ce243a821c37c5c353d9) Importer(815301076,1909f56bfc062723c751e8b465ee728b)
Start importing Assets/Music/Main Menu BG.wav using Guid(41a24f052676ce243a821c37c5c353d9) Importer(815301076,1909f56bfc062723c751e8b465ee728b)  -> (artifact id: 'f8e86f603d534ca69e15d7c79e5d6748') in 0.014058 seconds
  Import took 0.017686 seconds .

========================================================================
Received Import Request.
  Time since last request: 6.418382 seconds.
  path: Assets/Scenes/Friendly Flowers.unity
  artifactKey: Guid(2cda990e2423bbf4892e6590ba056729) Importer(815301076,1909f56bfc062723c751e8b465ee728b)
Start importing Assets/Scenes/Friendly Flowers.unity using Guid(2cda990e2423bbf4892e6590ba056729) Importer(815301076,1909f56bfc062723c751e8b465ee728b)  -> (artifact id: '6f1443bd7c1dafe422f2459cb76cc7c7') in 0.006771 seconds
  Import took 0.009638 seconds .

========================================================================
Received Import Request.
  Time since last request: 0.012633 seconds.
  path: Assets/Scenes/Friendly Flowers.unity
  artifactKey: Guid(2cda990e2423bbf4892e6590ba056729) Importer(815301076,1909f56bfc062723c751e8b465ee728b)
Start importing Assets/Scenes/Friendly Flowers.unity using Guid(2cda990e2423bbf4892e6590ba056729) Importer(815301076,1909f56bfc062723c751e8b465ee728b)  -> (artifact id: '6f1443bd7c1dafe422f2459cb76cc7c7') in 0.003646 seconds
  Import took 0.006594 seconds .

========================================================================
Received Prepare
Registering precompiled user dll's ...
Registered in 0.001177 seconds.
Begin MonoManager ReloadAssembly
Native extension for WindowsStandalone target not found
Native extension for WebGL target not found
Refreshing native plugins compatible for Editor in 0.39 ms, found 1 plugins.
Preloading 0 native plugins for Editor in 0.00 ms.
Mono: successfully reloaded assembly
- Completed reload, in  0.950 seconds
Platform modules already initialized, skipping
Refreshing native plugins compatible for Editor in 0.65 ms, found 1 plugins.
Preloading 0 native plugins for Editor in 0.00 ms.
Unloading 1819 Unused Serialized files (Serialized files now loaded: 0)
System memory in use before: 88.7 MB.
System memory in use after: 88.6 MB.

Unloading 12 unused Assets to reduce memory usage. Loaded Objects now: 2295.
Total: 2.486400 ms (FindLiveObjects: 0.246200 ms CreateObjectMapping: 0.048800 ms MarkObjects: 2.058900 ms  DeleteObjects: 0.130700 ms)

========================================================================
Received Import Request.
  Time since last request: 37.623401 seconds.
  path: Assets/Scenes/Main Menu.unity
  artifactKey: Guid(cc3ffed1b8b701f42beff562a3e848a1) Importer(815301076,1909f56bfc062723c751e8b465ee728b)
Start importing Assets/Scenes/Main Menu.unity using Guid(cc3ffed1b8b701f42beff562a3e848a1) Importer(815301076,1909f56bfc062723c751e8b465ee728b)  -> (artifact id: '146fe57a2ba36c2fa56aabbddba431c6') in 0.016342 seconds
  Import took 0.019272 seconds .

========================================================================
Received Prepare
Registering precompiled user dll's ...
Registered in 0.001073 seconds.
Begin MonoManager ReloadAssembly
Native extension for WindowsStandalone target not found
Native extension for WebGL target not found
Refreshing native plugins compatible for Editor in 0.39 ms, found 1 plugins.
Preloading 0 native plugins for Editor in 0.00 ms.
Mono: successfully reloaded assembly
- Completed reload, in  0.888 seconds
Platform modules already initialized, skipping
Refreshing native plugins compatible for Editor in 0.38 ms, found 1 plugins.
Preloading 0 native plugins for Editor in 0.00 ms.
Unloading 1819 Unused Serialized files (Serialized files now loaded: 0)
System memory in use before: 88.7 MB.
System memory in use after: 88.6 MB.

Unloading 12 unused Assets to reduce memory usage. Loaded Objects now: 2299.
Total: 2.146800 ms (FindLiveObjects: 0.211100 ms CreateObjectMapping: 0.049100 ms MarkObjects: 1.761100 ms  DeleteObjects: 0.124700 ms)

========================================================================
Received Prepare
Registering precompiled user dll's ...
Registered in 0.001156 seconds.
Begin MonoManager ReloadAssembly
Native extension for WindowsStandalone target not found
Native extension for WebGL target not found
Refreshing native plugins compatible for Editor in 0.37 ms, found 1 plugins.
Preloading 0 native plugins for Editor in 0.00 ms.
Mono: successfully reloaded assembly
- Completed reload, in  0.893 seconds
Platform modules already initialized, skipping
Refreshing native plugins compatible for Editor in 0.38 ms, found 1 plugins.
Preloading 0 native plugins for Editor in 0.00 ms.
Unloading 1819 Unused Serialized files (Serialized files now loaded: 0)
System memory in use before: 88.7 MB.
System memory in use after: 88.7 MB.

Unloading 12 unused Assets to reduce memory usage. Loaded Objects now: 2303.
Total: 2.102200 ms (FindLiveObjects: 0.210400 ms CreateObjectMapping: 0.049400 ms MarkObjects: 1.726800 ms  DeleteObjects: 0.114500 ms)

========================================================================
Received Import Request.
  Time since last request: 215.601472 seconds.
  path: Assets/Prefabs/Units/Shronk.prefab
  artifactKey: Guid(fa5681dfe92674946ac2abe0e7ab752c) Importer(815301076,1909f56bfc062723c751e8b465ee728b)
Start importing Assets/Prefabs/Units/Shronk.prefab using Guid(fa5681dfe92674946ac2abe0e7ab752c) Importer(815301076,1909f56bfc062723c751e8b465ee728b)  -> (artifact id: '476208e6d11b1840e64d0c5576ec164d') in 0.057999 seconds
  Import took 0.060913 seconds .

========================================================================
Received Prepare
Registering precompiled user dll's ...
Registered in 0.001076 seconds.
Begin MonoManager ReloadAssembly
Native extension for WindowsStandalone target not found
Native extension for WebGL target not found
Refreshing native plugins compatible for Editor in 0.39 ms, found 1 plugins.
Preloading 0 native plugins for Editor in 0.00 ms.
Mono: successfully reloaded assembly
- Completed reload, in  0.901 seconds
Platform modules already initialized, skipping
Refreshing native plugins compatible for Editor in 0.52 ms, found 1 plugins.
Preloading 0 native plugins for Editor in 0.00 ms.
Unloading 1819 Unused Serialized files (Serialized files now loaded: 0)
System memory in use before: 88.7 MB.
System memory in use after: 88.7 MB.

Unloading 12 unused Assets to reduce memory usage. Loaded Objects now: 2308.
Total: 2.632000 ms (FindLiveObjects: 0.229800 ms CreateObjectMapping: 0.049600 ms MarkObjects: 2.198400 ms  DeleteObjects: 0.152100 ms)

========================================================================
Received Import Request.
  Time since last request: 8.866557 seconds.
  path: Assets/Prefabs/Units/Summoner.prefab
  artifactKey: Guid(33e06eade3bc89f448a0dead0cb59cd2) Importer(815301076,1909f56bfc062723c751e8b465ee728b)
Start importing Assets/Prefabs/Units/Summoner.prefab using Guid(33e06eade3bc89f448a0dead0cb59cd2) Importer(815301076,1909f56bfc062723c751e8b465ee728b)  -> (artifact id: '72f587d4fbfeceeeeea1ae0e42cb5f62') in 0.064620 seconds
  Import took 0.068196 seconds .

AssetImportWorkerClient::OnTransportError - code=2 error=End of file
